2025-12-21 00:59:20 [restartedMain] INFO  com.jobverse.JobverseApplication - Starting JobverseApplication using Java 21.0.6 with PID 24852 (C:\Users\admin\OneDrive\Desktop\QuangThang_Workplace\Code\doan1\jobverse-backend\target\classes started by dphaitom in C:\Users\admin\OneDrive\Desktop\QuangThang_Workplace\Code\doan1\jobverse-backend)
2025-12-21 00:59:20 [restartedMain] DEBUG com.jobverse.JobverseApplication - Running with Spring Boot v3.2.1, Spring v6.1.2
2025-12-21 00:59:20 [restartedMain] INFO  com.jobverse.JobverseApplication - The following 1 profile is active: "prod"
2025-12-21 00:59:20 [restartedMain] INFO  o.s.b.d.e.DevToolsPropertyDefaultsPostProcessor - Devtools property defaults active! Set 'spring.devtools.add-properties' to 'false' to disable
2025-12-21 00:59:20 [restartedMain] INFO  o.s.b.d.e.DevToolsPropertyDefaultsPostProcessor - For additional web related logging consider setting the 'logging.level.web' property to 'DEBUG'
2025-12-21 00:59:21 [restartedMain] INFO  o.s.d.r.c.RepositoryConfigurationDelegate - Bootstrapping Spring Data JPA repositories in DEFAULT mode.
2025-12-21 00:59:21 [restartedMain] INFO  o.s.d.r.c.RepositoryConfigurationDelegate - Finished Spring Data repository scanning in 64 ms. Found 11 JPA repository interfaces.
2025-12-21 00:59:22 [restartedMain] INFO  o.s.b.w.e.tomcat.TomcatWebServer - Tomcat initialized with port 8080 (http)
2025-12-21 00:59:22 [restartedMain] INFO  o.a.catalina.core.StandardService - Starting service [Tomcat]
2025-12-21 00:59:22 [restartedMain] INFO  o.a.catalina.core.StandardEngine - Starting Servlet engine: [Apache Tomcat/10.1.17]
2025-12-21 00:59:22 [restartedMain] INFO  o.a.c.c.C.[.[localhost].[/api] - Initializing Spring embedded WebApplicationContext
2025-12-21 00:59:22 [restartedMain] INFO  o.s.b.w.s.c.ServletWebServerApplicationContext - Root WebApplicationContext: initialization completed in 2282 ms
2025-12-21 00:59:22 [restartedMain] INFO  com.zaxxer.hikari.HikariDataSource - HikariPool-1 - Starting...
2025-12-21 00:59:22 [restartedMain] INFO  com.zaxxer.hikari.pool.HikariPool - HikariPool-1 - Added connection org.postgresql.jdbc.PgConnection@24a6539
2025-12-21 00:59:22 [restartedMain] INFO  com.zaxxer.hikari.HikariDataSource - HikariPool-1 - Start completed.
2025-12-21 00:59:22 [restartedMain] INFO  o.s.b.a.h.H2ConsoleAutoConfiguration - H2 console available at '/h2-console'. Database available at 'jdbc:postgresql://localhost:5432/jobverse'
2025-12-21 00:59:23 [restartedMain] INFO  o.f.c.i.s.classpath.ClassPathScanner - Flyway OSS Edition 10.4.1 by Redgate
2025-12-21 00:59:23 [restartedMain] INFO  o.f.c.i.s.classpath.ClassPathScanner - 
2025-12-21 00:59:23 [restartedMain] INFO  o.f.c.i.s.classpath.ClassPathScanner - See release notes here: https://rd.gt/416ObMi
2025-12-21 00:59:23 [restartedMain] INFO  org.flywaydb.core.FlywayExecutor - Database: jdbc:postgresql://localhost:5432/jobverse (PostgreSQL 16.11)
2025-12-21 00:59:23 [restartedMain] INFO  o.f.core.internal.command.DbValidate - Successfully validated 3 migrations (execution time 00:00.033s)
2025-12-21 00:59:23 [restartedMain] INFO  o.f.core.internal.command.DbMigrate - Current version of schema "public": 1
2025-12-21 00:59:23 [restartedMain] INFO  o.f.core.internal.command.DbMigrate - Migrating schema "public" to version "6 - add normalized search columns"
2025-12-21 00:59:23 [restartedMain] ERROR o.f.core.internal.command.DbMigrate - Migration of schema "public" to version "6 - add normalized search columns" failed! Changes successfully rolled back.
2025-12-21 00:59:23 [restartedMain] ERROR o.s.b.w.e.tomcat.TomcatStarter - Error starting Tomcat context. Exception: org.springframework.beans.factory.UnsatisfiedDependencyException. Message: Error creating bean with name 'jwtAuthenticationFilter' defined in file [C:\Users\admin\OneDrive\Desktop\QuangThang_Workplace\Code\doan1\jobverse-backend\target\classes\com\jobverse\security\JwtAuthenticationFilter.class]: Unsatisfied dependency expressed through constructor parameter 1: Error creating bean with name 'customUserDetailsService' defined in file [C:\Users\admin\OneDrive\Desktop\QuangThang_Workplace\Code\doan1\jobverse-backend\target\classes\com\jobverse\service\CustomUserDetailsService.class]: Unsatisfied dependency expressed through constructor parameter 0: Error creating bean with name 'userRepository' defined in com.jobverse.repository.UserRepository defined in @EnableJpaRepositories declared on JpaRepositoriesRegistrar.EnableJpaRepositoriesConfiguration: Cannot resolve reference to bean 'jpaSharedEM_entityManagerFactory' while setting bean property 'entityManager'
2025-12-21 00:59:23 [restartedMain] INFO  o.a.catalina.core.StandardService - Stopping service [Tomcat]
2025-12-21 00:59:23 [restartedMain] WARN  o.s.b.w.s.c.AnnotationConfigServletWebServerApplicationContext - Exception encountered during context initialization - cancelling refresh attempt: org.springframework.context.ApplicationContextException: Unable to start web server
2025-12-21 00:59:23 [restartedMain] INFO  com.zaxxer.hikari.HikariDataSource - HikariPool-1 - Shutdown initiated...
2025-12-21 00:59:23 [restartedMain] INFO  com.zaxxer.hikari.HikariDataSource - HikariPool-1 - Shutdown completed.
2025-12-21 00:59:23 [restartedMain] INFO  o.s.b.a.l.ConditionEvaluationReportLogger - 

Error starting ApplicationContext. To display the condition evaluation report re-run your application with 'debug' enabled.
2025-12-21 00:59:23 [restartedMain] ERROR o.s.boot.SpringApplication - Application run failed
org.springframework.context.ApplicationContextException: Unable to start web server
	at org.springframework.boot.web.servlet.context.ServletWebServerApplicationContext.onRefresh(ServletWebServerApplicationContext.java:165)
	at org.springframework.context.support.AbstractApplicationContext.refresh(AbstractApplicationContext.java:619)
	at org.springframework.boot.web.servlet.context.ServletWebServerApplicationContext.refresh(ServletWebServerApplicationContext.java:146)
	at org.springframework.boot.SpringApplication.refresh(SpringApplication.java:762)
	at org.springframework.boot.SpringApplication.refreshContext(SpringApplication.java:464)
	at org.springframework.boot.SpringApplication.run(SpringApplication.java:334)
	at org.springframework.boot.SpringApplication.run(SpringApplication.java:1358)
	at org.springframework.boot.SpringApplication.run(SpringApplication.java:1347)
	at com.jobverse.JobverseApplication.main(JobverseApplication.java:18)
	at java.base/jdk.internal.reflect.DirectMethodHandleAccessor.invoke(DirectMethodHandleAccessor.java:103)
	at java.base/java.lang.reflect.Method.invoke(Method.java:580)
	at org.springframework.boot.devtools.restart.RestartLauncher.run(RestartLauncher.java:50)
Caused by: org.springframework.boot.web.server.WebServerException: Unable to start embedded Tomcat
	at org.springframework.boot.web.embedded.tomcat.TomcatWebServer.initialize(TomcatWebServer.java:145)
	at org.springframework.boot.web.embedded.tomcat.TomcatWebServer.<init>(TomcatWebServer.java:105)
	at org.springframework.boot.web.embedded.tomcat.TomcatServletWebServerFactory.getTomcatWebServer(TomcatServletWebServerFactory.java:499)
	at org.springframework.boot.web.embedded.tomcat.TomcatServletWebServerFactory.getWebServer(TomcatServletWebServerFactory.java:218)
	at org.springframework.boot.web.servlet.context.ServletWebServerApplicationContext.createWebServer(ServletWebServerApplicationContext.java:188)
	at org.springframework.boot.web.servlet.context.ServletWebServerApplicationContext.onRefresh(ServletWebServerApplicationContext.java:162)
	... 11 common frames omitted
Caused by: org.springframework.beans.factory.UnsatisfiedDependencyException: Error creating bean with name 'jwtAuthenticationFilter' defined in file [C:\Users\admin\OneDrive\Desktop\QuangThang_Workplace\Code\doan1\jobverse-backend\target\classes\com\jobverse\security\JwtAuthenticationFilter.class]: Unsatisfied dependency expressed through constructor parameter 1: Error creating bean with name 'customUserDetailsService' defined in file [C:\Users\admin\OneDrive\Desktop\QuangThang_Workplace\Code\doan1\jobverse-backend\target\classes\com\jobverse\service\CustomUserDetailsService.class]: Unsatisfied dependency expressed through constructor parameter 0: Error creating bean with name 'userRepository' defined in com.jobverse.repository.UserRepository defined in @EnableJpaRepositories declared on JpaRepositoriesRegistrar.EnableJpaRepositoriesConfiguration: Cannot resolve reference to bean 'jpaSharedEM_entityManagerFactory' while setting bean property 'entityManager'
	at org.springframework.beans.factory.support.ConstructorResolver.createArgumentArray(ConstructorResolver.java:802)
	at org.springframework.beans.factory.support.ConstructorResolver.autowireConstructor(ConstructorResolver.java:241)
	at org.springframework.beans.factory.support.AbstractAutowireCapableBeanFactory.autowireConstructor(AbstractAutowireCapableBeanFactory.java:1354)
	at org.springframework.beans.factory.support.AbstractAutowireCapableBeanFactory.createBeanInstance(AbstractAutowireCapableBeanFactory.java:1191)
	at org.springframework.beans.factory.support.AbstractAutowireCapableBeanFactory.doCreateBean(AbstractAutowireCapableBeanFactory.java:561)
	at org.springframework.beans.factory.support.AbstractAutowireCapableBeanFactory.createBean(AbstractAutowireCapableBeanFactory.java:521)
	at org.springframework.beans.factory.support.AbstractBeanFactory.lambda$doGetBean$0(AbstractBeanFactory.java:325)
	at org.springframework.beans.factory.support.DefaultSingletonBeanRegistry.getSingleton(DefaultSingletonBeanRegistry.java:234)
	at org.springframework.beans.factory.support.AbstractBeanFactory.doGetBean(AbstractBeanFactory.java:323)
	at org.springframework.beans.factory.support.AbstractBeanFactory.getBean(AbstractBeanFactory.java:204)
	at org.springframework.boot.web.servlet.ServletContextInitializerBeans.getOrderedBeansOfType(ServletContextInitializerBeans.java:210)
	at org.springframework.boot.web.servlet.ServletContextInitializerBeans.addAsRegistrationBean(ServletContextInitializerBeans.java:173)
	at org.springframework.boot.web.servlet.ServletContextInitializerBeans.addAsRegistrationBean(ServletContextInitializerBeans.java:168)
	at org.springframework.boot.web.servlet.ServletContextInitializerBeans.addAdaptableBeans(ServletContextInitializerBeans.java:153)
	at org.springframework.boot.web.servlet.ServletContextInitializerBeans.<init>(ServletContextInitializerBeans.java:86)
	at org.springframework.boot.web.servlet.context.ServletWebServerApplicationContext.getServletContextInitializerBeans(ServletWebServerApplicationContext.java:266)
	at org.springframework.boot.web.servlet.context.ServletWebServerApplicationContext.selfInitialize(ServletWebServerApplicationContext.java:240)
	at org.springframework.boot.web.embedded.tomcat.TomcatStarter.onStartup(TomcatStarter.java:52)
	at org.apache.catalina.core.StandardContext.startInternal(StandardContext.java:4850)
	at org.apache.catalina.util.LifecycleBase.start(LifecycleBase.java:171)
	at org.apache.catalina.core.ContainerBase$StartChild.call(ContainerBase.java:1332)
	at org.apache.catalina.core.ContainerBase$StartChild.call(ContainerBase.java:1322)
	at java.base/java.util.concurrent.FutureTask.run(FutureTask.java:317)
	at org.apache.tomcat.util.threads.InlineExecutorService.execute(InlineExecutorService.java:75)
	at java.base/java.util.concurrent.AbstractExecutorService.submit(AbstractExecutorService.java:145)
	at org.apache.catalina.core.ContainerBase.startInternal(ContainerBase.java:866)
	at org.apache.catalina.core.StandardHost.startInternal(StandardHost.java:845)
	at org.apache.catalina.util.LifecycleBase.start(LifecycleBase.java:171)
	at org.apache.catalina.core.ContainerBase$StartChild.call(ContainerBase.java:1332)
	at org.apache.catalina.core.ContainerBase$StartChild.call(ContainerBase.java:1322)
	at java.base/java.util.concurrent.FutureTask.run(FutureTask.java:317)
	at org.apache.tomcat.util.threads.InlineExecutorService.execute(InlineExecutorService.java:75)
	at java.base/java.util.concurrent.AbstractExecutorService.submit(AbstractExecutorService.java:145)
	at org.apache.catalina.core.ContainerBase.startInternal(ContainerBase.java:866)
	at org.apache.catalina.core.StandardEngine.startInternal(StandardEngine.java:240)
	at org.apache.catalina.util.LifecycleBase.start(LifecycleBase.java:171)
	at org.apache.catalina.core.StandardService.startInternal(StandardService.java:433)
	at org.apache.catalina.util.LifecycleBase.start(LifecycleBase.java:171)
	at org.apache.catalina.core.StandardServer.startInternal(StandardServer.java:917)
	at org.apache.catalina.util.LifecycleBase.start(LifecycleBase.java:171)
	at org.apache.catalina.startup.Tomcat.start(Tomcat.java:488)
	at org.springframework.boot.web.embedded.tomcat.TomcatWebServer.initialize(TomcatWebServer.java:126)
	... 16 common frames omitted
Caused by: org.springframework.beans.factory.UnsatisfiedDependencyException: Error creating bean with name 'customUserDetailsService' defined in file [C:\Users\admin\OneDrive\Desktop\QuangThang_Workplace\Code\doan1\jobverse-backend\target\classes\com\jobverse\service\CustomUserDetailsService.class]: Unsatisfied dependency expressed through constructor parameter 0: Error creating bean with name 'userRepository' defined in com.jobverse.repository.UserRepository defined in @EnableJpaRepositories declared on JpaRepositoriesRegistrar.EnableJpaRepositoriesConfiguration: Cannot resolve reference to bean 'jpaSharedEM_entityManagerFactory' while setting bean property 'entityManager'
	at org.springframework.beans.factory.support.ConstructorResolver.createArgumentArray(ConstructorResolver.java:802)
	at org.springframework.beans.factory.support.ConstructorResolver.autowireConstructor(ConstructorResolver.java:241)
	at org.springframework.beans.factory.support.AbstractAutowireCapableBeanFactory.autowireConstructor(AbstractAutowireCapableBeanFactory.java:1354)
	at org.springframework.beans.factory.support.AbstractAutowireCapableBeanFactory.createBeanInstance(AbstractAutowireCapableBeanFactory.java:1191)
	at org.springframework.beans.factory.support.AbstractAutowireCapableBeanFactory.doCreateBean(AbstractAutowireCapableBeanFactory.java:561)
	at org.springframework.beans.factory.support.AbstractAutowireCapableBeanFactory.createBean(AbstractAutowireCapableBeanFactory.java:521)
	at org.springframework.beans.factory.support.AbstractBeanFactory.lambda$doGetBean$0(AbstractBeanFactory.java:325)
	at org.springframework.beans.factory.support.DefaultSingletonBeanRegistry.getSingleton(DefaultSingletonBeanRegistry.java:234)
	at org.springframework.beans.factory.support.AbstractBeanFactory.doGetBean(AbstractBeanFactory.java:323)
	at org.springframework.beans.factory.support.AbstractBeanFactory.getBean(AbstractBeanFactory.java:199)
	at org.springframework.beans.factory.config.DependencyDescriptor.resolveCandidate(DependencyDescriptor.java:254)
	at org.springframework.beans.factory.support.DefaultListableBeanFactory.doResolveDependency(DefaultListableBeanFactory.java:1443)
	at org.springframework.beans.factory.support.DefaultListableBeanFactory.resolveDependency(DefaultListableBeanFactory.java:1353)
	at org.springframework.beans.factory.support.ConstructorResolver.resolveAutowiredArgument(ConstructorResolver.java:911)
	at org.springframework.beans.factory.support.ConstructorResolver.createArgumentArray(ConstructorResolver.java:789)
	... 57 common frames omitted
Caused by: org.springframework.beans.factory.BeanCreationException: Error creating bean with name 'userRepository' defined in com.jobverse.repository.UserRepository defined in @EnableJpaRepositories declared on JpaRepositoriesRegistrar.EnableJpaRepositoriesConfiguration: Cannot resolve reference to bean 'jpaSharedEM_entityManagerFactory' while setting bean property 'entityManager'
	at org.springframework.beans.factory.support.BeanDefinitionValueResolver.resolveReference(BeanDefinitionValueResolver.java:377)
	at org.springframework.beans.factory.support.BeanDefinitionValueResolver.resolveValueIfNecessary(BeanDefinitionValueResolver.java:135)
	at org.springframework.beans.factory.support.AbstractAutowireCapableBeanFactory.applyPropertyValues(AbstractAutowireCapableBeanFactory.java:1684)
	at org.springframework.beans.factory.support.AbstractAutowireCapableBeanFactory.populateBean(AbstractAutowireCapableBeanFactory.java:1433)
	at org.springframework.beans.factory.support.AbstractAutowireCapableBeanFactory.doCreateBean(AbstractAutowireCapableBeanFactory.java:598)
	at org.springframework.beans.factory.support.AbstractAutowireCapableBeanFactory.createBean(AbstractAutowireCapableBeanFactory.java:521)
	at org.springframework.beans.factory.support.AbstractBeanFactory.lambda$doGetBean$0(AbstractBeanFactory.java:325)
	at org.springframework.beans.factory.support.DefaultSingletonBeanRegistry.getSingleton(DefaultSingletonBeanRegistry.java:234)
	at org.springframework.beans.factory.support.AbstractBeanFactory.doGetBean(AbstractBeanFactory.java:323)
	at org.springframework.beans.factory.support.AbstractBeanFactory.getBean(AbstractBeanFactory.java:199)
	at org.springframework.beans.factory.config.DependencyDescriptor.resolveCandidate(DependencyDescriptor.java:254)
	at org.springframework.beans.factory.support.DefaultListableBeanFactory.doResolveDependency(DefaultListableBeanFactory.java:1443)
	at org.springframework.beans.factory.support.DefaultListableBeanFactory.resolveDependency(DefaultListableBeanFactory.java:1353)
	at org.springframework.beans.factory.support.ConstructorResolver.resolveAutowiredArgument(ConstructorResolver.java:911)
	at org.springframework.beans.factory.support.ConstructorResolver.createArgumentArray(ConstructorResolver.java:789)
	... 71 common frames omitted
Caused by: org.springframework.beans.factory.BeanCreationException: Error creating bean with name 'jpaSharedEM_entityManagerFactory': Cannot resolve reference to bean 'entityManagerFactory' while setting constructor argument
	at org.springframework.beans.factory.support.BeanDefinitionValueResolver.resolveReference(BeanDefinitionValueResolver.java:377)
	at org.springframework.beans.factory.support.BeanDefinitionValueResolver.resolveValueIfNecessary(BeanDefinitionValueResolver.java:135)
	at org.springframework.beans.factory.support.ConstructorResolver.resolveConstructorArguments(ConstructorResolver.java:689)
	at org.springframework.beans.factory.support.ConstructorResolver.instantiateUsingFactoryMethod(ConstructorResolver.java:513)
	at org.springframework.beans.factory.support.AbstractAutowireCapableBeanFactory.instantiateUsingFactoryMethod(AbstractAutowireCapableBeanFactory.java:1334)
	at org.springframework.beans.factory.support.AbstractAutowireCapableBeanFactory.createBeanInstance(AbstractAutowireCapableBeanFactory.java:1164)
	at org.springframework.beans.factory.support.AbstractAutowireCapableBeanFactory.doCreateBean(AbstractAutowireCapableBeanFactory.java:561)
	at org.springframework.beans.factory.support.AbstractAutowireCapableBeanFactory.createBean(AbstractAutowireCapableBeanFactory.java:521)
	at org.springframework.beans.factory.support.AbstractBeanFactory.lambda$doGetBean$0(AbstractBeanFactory.java:325)
	at org.springframework.beans.factory.support.DefaultSingletonBeanRegistry.getSingleton(DefaultSingletonBeanRegistry.java:234)
	at org.springframework.beans.factory.support.AbstractBeanFactory.doGetBean(AbstractBeanFactory.java:323)
	at org.springframework.beans.factory.support.AbstractBeanFactory.getBean(AbstractBeanFactory.java:199)
	at org.springframework.beans.factory.support.BeanDefinitionValueResolver.resolveReference(BeanDefinitionValueResolver.java:365)
	... 85 common frames omitted
Caused by: org.springframework.beans.factory.BeanCreationException: Error creating bean with name 'flywayInitializer' defined in class path resource [org/springframework/boot/autoconfigure/flyway/FlywayAutoConfiguration$FlywayConfiguration.class]: Migration V6__add_normalized_search_columns.sql failed
------------------------------------------------------
SQL State  : 42883
Error Code : 0
Message    : ERROR: function unaccent(character varying) does not exist
  Hint: No function matches the given name and argument types. You might need to add explicit type casts.
  Position: 209
Location   : db/migration/V6__add_normalized_search_columns.sql (C:\Users\admin\OneDrive\Desktop\QuangThang_Workplace\Code\doan1\jobverse-backend\target\classes\db\migration\V6__add_normalized_search_columns.sql)
Line       : 16
Statement  : -- Populate existing data with normalized values
-- This will be handled by @PrePersist/@PreUpdate hooks in the application
-- But we update existing records here
UPDATE jobs SET
    title_normalized = LOWER(UNACCENT(title)),
    description_normalized = LOWER(UNACCENT(description)),
    location_normalized = LOWER(UNACCENT(location))
WHERE title_normalized IS NULL

	at org.springframework.beans.factory.support.AbstractAutowireCapableBeanFactory.initializeBean(AbstractAutowireCapableBeanFactory.java:1773)
	at org.springframework.beans.factory.support.AbstractAutowireCapableBeanFactory.doCreateBean(AbstractAutowireCapableBeanFactory.java:599)
	at org.springframework.beans.factory.support.AbstractAutowireCapableBeanFactory.createBean(AbstractAutowireCapableBeanFactory.java:521)
	at org.springframework.beans.factory.support.AbstractBeanFactory.lambda$doGetBean$0(AbstractBeanFactory.java:325)
	at org.springframework.beans.factory.support.DefaultSingletonBeanRegistry.getSingleton(DefaultSingletonBeanRegistry.java:234)
	at org.springframework.beans.factory.support.AbstractBeanFactory.doGetBean(AbstractBeanFactory.java:323)
	at org.springframework.beans.factory.support.AbstractBeanFactory.getBean(AbstractBeanFactory.java:199)
	at org.springframework.beans.factory.support.AbstractBeanFactory.doGetBean(AbstractBeanFactory.java:312)
	at org.springframework.beans.factory.support.AbstractBeanFactory.getBean(AbstractBeanFactory.java:199)
	at org.springframework.beans.factory.support.BeanDefinitionValueResolver.resolveReference(BeanDefinitionValueResolver.java:365)
	... 97 common frames omitted
Caused by: org.flywaydb.core.internal.command.DbMigrate$FlywayMigrateException: Migration V6__add_normalized_search_columns.sql failed
------------------------------------------------------
SQL State  : 42883
Error Code : 0
Message    : ERROR: function unaccent(character varying) does not exist
  Hint: No function matches the given name and argument types. You might need to add explicit type casts.
  Position: 209
Location   : db/migration/V6__add_normalized_search_columns.sql (C:\Users\admin\OneDrive\Desktop\QuangThang_Workplace\Code\doan1\jobverse-backend\target\classes\db\migration\V6__add_normalized_search_columns.sql)
Line       : 16
Statement  : -- Populate existing data with normalized values
-- This will be handled by @PrePersist/@PreUpdate hooks in the application
-- But we update existing records here
UPDATE jobs SET
    title_normalized = LOWER(UNACCENT(title)),
    description_normalized = LOWER(UNACCENT(description)),
    location_normalized = LOWER(UNACCENT(location))
WHERE title_normalized IS NULL

	at org.flywaydb.core.internal.command.DbMigrate.doMigrateGroup(DbMigrate.java:382)
	at org.flywaydb.core.internal.command.DbMigrate.lambda$applyMigrations$1(DbMigrate.java:272)
	at org.flywaydb.core.internal.jdbc.TransactionalExecutionTemplate.execute(TransactionalExecutionTemplate.java:55)
	at org.flywaydb.core.internal.command.DbMigrate.applyMigrations(DbMigrate.java:271)
	at org.flywaydb.core.internal.command.DbMigrate.migrateGroup(DbMigrate.java:244)
	at org.flywaydb.core.internal.command.DbMigrate.lambda$migrateAll$0(DbMigrate.java:139)
	at org.flywaydb.database.postgresql.PostgreSQLAdvisoryLockTemplate.execute(PostgreSQLAdvisoryLockTemplate.java:73)
	at org.flywaydb.database.postgresql.PostgreSQLAdvisoryLockTemplate.lambda$execute$0(PostgreSQLAdvisoryLockTemplate.java:56)
	at org.flywaydb.core.internal.jdbc.TransactionalExecutionTemplate.execute(TransactionalExecutionTemplate.java:55)
	at org.flywaydb.database.postgresql.PostgreSQLAdvisoryLockTemplate.execute(PostgreSQLAdvisoryLockTemplate.java:56)
	at org.flywaydb.database.postgresql.PostgreSQLConnection.lock(PostgreSQLConnection.java:96)
	at org.flywaydb.core.internal.schemahistory.JdbcTableSchemaHistory.lock(JdbcTableSchemaHistory.java:144)
	at org.flywaydb.core.internal.command.DbMigrate.migrateAll(DbMigrate.java:139)
	at org.flywaydb.core.internal.command.DbMigrate.migrate(DbMigrate.java:97)
	at org.flywaydb.core.Flyway.lambda$migrate$0(Flyway.java:202)
	at org.flywaydb.core.FlywayExecutor.execute(FlywayExecutor.java:215)
	at org.flywaydb.core.Flyway.migrate(Flyway.java:147)
	at org.springframework.boot.autoconfigure.flyway.FlywayMigrationInitializer.afterPropertiesSet(FlywayMigrationInitializer.java:66)
	at org.springframework.beans.factory.support.AbstractAutowireCapableBeanFactory.invokeInitMethods(AbstractAutowireCapableBeanFactory.java:1820)
	at org.springframework.beans.factory.support.AbstractAutowireCapableBeanFactory.initializeBean(AbstractAutowireCapableBeanFactory.java:1769)
	... 106 common frames omitted
Caused by: org.flywaydb.core.internal.sqlscript.FlywaySqlScriptException: Migration V6__add_normalized_search_columns.sql failed
------------------------------------------------------
SQL State  : 42883
Error Code : 0
Message    : ERROR: function unaccent(character varying) does not exist
  Hint: No function matches the given name and argument types. You might need to add explicit type casts.
  Position: 209
Location   : db/migration/V6__add_normalized_search_columns.sql (C:\Users\admin\OneDrive\Desktop\QuangThang_Workplace\Code\doan1\jobverse-backend\target\classes\db\migration\V6__add_normalized_search_columns.sql)
Line       : 16
Statement  : -- Populate existing data with normalized values
-- This will be handled by @PrePersist/@PreUpdate hooks in the application
-- But we update existing records here
UPDATE jobs SET
    title_normalized = LOWER(UNACCENT(title)),
    description_normalized = LOWER(UNACCENT(description)),
    location_normalized = LOWER(UNACCENT(location))
WHERE title_normalized IS NULL

	at org.flywaydb.core.internal.sqlscript.DefaultSqlScriptExecutor.handleException(DefaultSqlScriptExecutor.java:270)
	at org.flywaydb.core.internal.sqlscript.DefaultSqlScriptExecutor.executeStatement(DefaultSqlScriptExecutor.java:225)
	at org.flywaydb.core.internal.sqlscript.DefaultSqlScriptExecutor.execute(DefaultSqlScriptExecutor.java:128)
	at org.flywaydb.core.internal.resolver.sql.SqlMigrationExecutor.executeOnce(SqlMigrationExecutor.java:68)
	at org.flywaydb.core.internal.resolver.sql.SqlMigrationExecutor.lambda$execute$0(SqlMigrationExecutor.java:57)
	at org.flywaydb.core.internal.database.DefaultExecutionStrategy.execute(DefaultExecutionStrategy.java:27)
	at org.flywaydb.core.internal.resolver.sql.SqlMigrationExecutor.execute(SqlMigrationExecutor.java:56)
	at org.flywaydb.core.internal.command.DbMigrate.doMigrateGroup(DbMigrate.java:374)
	... 125 common frames omitted
Caused by: org.postgresql.util.PSQLException: ERROR: function unaccent(character varying) does not exist
  Hint: No function matches the given name and argument types. You might need to add explicit type casts.
  Position: 209
	at org.postgresql.core.v3.QueryExecutorImpl.receiveErrorResponse(QueryExecutorImpl.java:2713)
	at org.postgresql.core.v3.QueryExecutorImpl.processResults(QueryExecutorImpl.java:2401)
	at org.postgresql.core.v3.QueryExecutorImpl.execute(QueryExecutorImpl.java:368)
	at org.postgresql.jdbc.PgStatement.executeInternal(PgStatement.java:498)
	at org.postgresql.jdbc.PgStatement.execute(PgStatement.java:415)
	at org.postgresql.jdbc.PgStatement.executeWithFlags(PgStatement.java:335)
	at org.postgresql.jdbc.PgStatement.executeCachedSql(PgStatement.java:321)
	at org.postgresql.jdbc.PgStatement.executeWithFlags(PgStatement.java:297)
	at org.postgresql.jdbc.PgStatement.execute(PgStatement.java:292)
	at com.zaxxer.hikari.pool.ProxyStatement.execute(ProxyStatement.java:94)
	at com.zaxxer.hikari.pool.HikariProxyStatement.execute(HikariProxyStatement.java)
	at org.flywaydb.core.internal.jdbc.JdbcTemplate.executeStatement(JdbcTemplate.java:210)
	at org.flywaydb.core.internal.sqlscript.ParsedSqlStatement.execute(ParsedSqlStatement.java:97)
	at org.flywaydb.core.internal.sqlscript.DefaultSqlScriptExecutor.executeStatement(DefaultSqlScriptExecutor.java:213)
	... 131 common frames omitted
2025-12-21 01:03:20 [restartedMain] INFO  com.jobverse.JobverseApplication - Starting JobverseApplication using Java 21.0.6 with PID 62400 (C:\Users\admin\OneDrive\Desktop\QuangThang_Workplace\Code\doan1\jobverse-backend\target\classes started by dphaitom in C:\Users\admin\OneDrive\Desktop\QuangThang_Workplace\Code\doan1\jobverse-backend)
2025-12-21 01:03:20 [restartedMain] DEBUG com.jobverse.JobverseApplication - Running with Spring Boot v3.2.1, Spring v6.1.2
2025-12-21 01:03:20 [restartedMain] INFO  com.jobverse.JobverseApplication - The following 1 profile is active: "dev"
2025-12-21 01:03:20 [restartedMain] INFO  o.s.b.d.e.DevToolsPropertyDefaultsPostProcessor - Devtools property defaults active! Set 'spring.devtools.add-properties' to 'false' to disable
2025-12-21 01:03:20 [restartedMain] INFO  o.s.b.d.e.DevToolsPropertyDefaultsPostProcessor - For additional web related logging consider setting the 'logging.level.web' property to 'DEBUG'
2025-12-21 01:03:21 [restartedMain] INFO  o.s.d.r.c.RepositoryConfigurationDelegate - Bootstrapping Spring Data JPA repositories in DEFAULT mode.
2025-12-21 01:03:21 [restartedMain] INFO  o.s.d.r.c.RepositoryConfigurationDelegate - Finished Spring Data repository scanning in 58 ms. Found 11 JPA repository interfaces.
2025-12-21 01:03:22 [restartedMain] INFO  o.s.b.w.e.tomcat.TomcatWebServer - Tomcat initialized with port 8080 (http)
2025-12-21 01:03:22 [restartedMain] INFO  o.a.catalina.core.StandardService - Starting service [Tomcat]
2025-12-21 01:03:22 [restartedMain] INFO  o.a.catalina.core.StandardEngine - Starting Servlet engine: [Apache Tomcat/10.1.17]
2025-12-21 01:03:22 [restartedMain] INFO  o.a.c.c.C.[.[localhost].[/api] - Initializing Spring embedded WebApplicationContext
2025-12-21 01:03:22 [restartedMain] INFO  o.s.b.w.s.c.ServletWebServerApplicationContext - Root WebApplicationContext: initialization completed in 1993 ms
2025-12-21 01:03:22 [restartedMain] INFO  com.zaxxer.hikari.HikariDataSource - HikariPool-1 - Starting...
2025-12-21 01:03:22 [restartedMain] INFO  com.zaxxer.hikari.pool.HikariPool - HikariPool-1 - Added connection conn0: url=jdbc:h2:mem:jobverse user=SA
2025-12-21 01:03:22 [restartedMain] INFO  com.zaxxer.hikari.HikariDataSource - HikariPool-1 - Start completed.
2025-12-21 01:03:23 [restartedMain] INFO  o.s.b.a.h.H2ConsoleAutoConfiguration - H2 console available at '/h2-console'. Database available at 'jdbc:h2:mem:jobverse'
2025-12-21 01:03:23 [restartedMain] INFO  o.h.jpa.internal.util.LogHelper - HHH000204: Processing PersistenceUnitInfo [name: default]
2025-12-21 01:03:23 [restartedMain] INFO  org.hibernate.Version - HHH000412: Hibernate ORM core version 6.4.1.Final
2025-12-21 01:03:23 [restartedMain] INFO  o.h.c.i.RegionFactoryInitiator - HHH000026: Second-level cache disabled
2025-12-21 01:03:23 [restartedMain] INFO  o.s.o.j.p.SpringPersistenceUnitInfo - No LoadTimeWeaver setup: ignoring JPA class transformer
2025-12-21 01:03:23 [restartedMain] WARN  org.hibernate.dialect.Dialect - HHH000511: The 2.2.0 version for [org.hibernate.dialect.PostgreSQLDialect] is no longer supported, hence certain features may not work properly. The minimum supported version is 12.0.0. Check the community dialects project for available legacy versions.
2025-12-21 01:03:23 [restartedMain] WARN  org.hibernate.orm.deprecation - HHH90000025: PostgreSQLDialect does not need to be specified explicitly using 'hibernate.dialect' (remove the property setting and it will be selected by default)
2025-12-21 01:03:24 [restartedMain] INFO  o.h.e.t.j.p.i.JtaPlatformInitiator - HHH000489: No JTA platform available (set 'hibernate.transaction.jta.platform' to enable JTA platform integration)
2025-12-21 01:03:24 [restartedMain] DEBUG org.hibernate.SQL - 
    alter table if exists public.applications 
       drop constraint if exists FK65weib1lru9dkrbto5pv389vi
2025-12-21 01:03:24 [restartedMain] DEBUG org.hibernate.SQL - 
    alter table if exists public.applications 
       drop constraint if exists FKbhnfs5wwy14wdm2f1wam8qkhf
2025-12-21 01:03:24 [restartedMain] DEBUG org.hibernate.SQL - 
    alter table if exists public.applications 
       drop constraint if exists FKfsfqljedcla632u568jl5qf3w
2025-12-21 01:03:24 [restartedMain] DEBUG org.hibernate.SQL - 
    alter table if exists public.categories 
       drop constraint if exists FKsaok720gsu4u2wrgbk10b5n8d
2025-12-21 01:03:24 [restartedMain] DEBUG org.hibernate.SQL - 
    alter table if exists public.companies 
       drop constraint if exists FKikhsc7na5r394c8jghny8b6t4
2025-12-21 01:03:24 [restartedMain] DEBUG org.hibernate.SQL - 
    alter table if exists public.company_images 
       drop constraint if exists FK39pfp30xxpbsukcnv39a8wo7p
2025-12-21 01:03:24 [restartedMain] DEBUG org.hibernate.SQL - 
    alter table if exists public.company_reviews 
       drop constraint if exists FKkpjxpw5kl37cad0twqje6cq63
2025-12-21 01:03:24 [restartedMain] DEBUG org.hibernate.SQL - 
    alter table if exists public.company_reviews 
       drop constraint if exists FKjlwevafsv6wcpvt0jg5tfs1f0
2025-12-21 01:03:24 [restartedMain] DEBUG org.hibernate.SQL - 
    alter table if exists public.job_benefits 
       drop constraint if exists FKdqntmlq6o4himh9uva0u3fcl9
2025-12-21 01:03:24 [restartedMain] DEBUG org.hibernate.SQL - 
    alter table if exists public.job_skills 
       drop constraint if exists FK1gb74tysr9vkypwivvvovxq1f
2025-12-21 01:03:24 [restartedMain] DEBUG org.hibernate.SQL - 
    alter table if exists public.job_skills 
       drop constraint if exists FKe10ho7um0atjm67b9dgokmfyx
2025-12-21 01:03:24 [restartedMain] DEBUG org.hibernate.SQL - 
    alter table if exists public.jobs 
       drop constraint if exists FKlunrv9ems34544ff26wyfa89v
2025-12-21 01:03:24 [restartedMain] DEBUG org.hibernate.SQL - 
    alter table if exists public.jobs 
       drop constraint if exists FKrtmqcrktb6s7xq8djbs2a2war
2025-12-21 01:03:24 [restartedMain] DEBUG org.hibernate.SQL - 
    alter table if exists public.jobs 
       drop constraint if exists FKq4v0nwosiuabukh6vlo7414wd
2025-12-21 01:03:24 [restartedMain] DEBUG org.hibernate.SQL - 
    alter table if exists public.notifications 
       drop constraint if exists FK9y21adhxn0ayjhfocscqox7bh
2025-12-21 01:03:24 [restartedMain] DEBUG org.hibernate.SQL - 
    alter table if exists public.resumes 
       drop constraint if exists FK340nuaivxiy99hslr3sdydfvv
2025-12-21 01:03:24 [restartedMain] DEBUG org.hibernate.SQL - 
    alter table if exists public.saved_jobs 
       drop constraint if exists FKawvc9t3d3efu6ta6h30tb984t
2025-12-21 01:03:24 [restartedMain] DEBUG org.hibernate.SQL - 
    alter table if exists public.saved_jobs 
       drop constraint if exists FK5fc45yi5nwtm3y93nt4fcpln6
2025-12-21 01:03:24 [restartedMain] DEBUG org.hibernate.SQL - 
    alter table if exists public.skills 
       drop constraint if exists FKlyobx4bwdv7k6im48ru4pod1u
2025-12-21 01:03:24 [restartedMain] DEBUG org.hibernate.SQL - 
    alter table if exists public.user_profiles 
       drop constraint if exists FKjcad5nfve11khsnpwj1mv8frj
2025-12-21 01:03:24 [restartedMain] DEBUG org.hibernate.SQL - 
    alter table if exists public.user_skills 
       drop constraint if exists FKh223y61gwijpgqt6nlsuti07g
2025-12-21 01:03:24 [restartedMain] DEBUG org.hibernate.SQL - 
    alter table if exists public.user_skills 
       drop constraint if exists FKro13if9r7fwkr5115715127ai
2025-12-21 01:03:24 [restartedMain] DEBUG org.hibernate.SQL - 
    drop table if exists public.applications cascade
2025-12-21 01:03:24 [restartedMain] DEBUG org.hibernate.SQL - 
    drop table if exists public.categories cascade
2025-12-21 01:03:24 [restartedMain] DEBUG org.hibernate.SQL - 
    drop table if exists public.companies cascade
2025-12-21 01:03:24 [restartedMain] DEBUG org.hibernate.SQL - 
    drop table if exists public.company_images cascade
2025-12-21 01:03:24 [restartedMain] DEBUG org.hibernate.SQL - 
    drop table if exists public.company_reviews cascade
2025-12-21 01:03:24 [restartedMain] DEBUG org.hibernate.SQL - 
    drop table if exists public.job_benefits cascade
2025-12-21 01:03:24 [restartedMain] DEBUG org.hibernate.SQL - 
    drop table if exists public.job_skills cascade
2025-12-21 01:03:24 [restartedMain] DEBUG org.hibernate.SQL - 
    drop table if exists public.jobs cascade
2025-12-21 01:03:24 [restartedMain] DEBUG org.hibernate.SQL - 
    drop table if exists public.notifications cascade
2025-12-21 01:03:24 [restartedMain] DEBUG org.hibernate.SQL - 
    drop table if exists public.resumes cascade
2025-12-21 01:03:24 [restartedMain] DEBUG org.hibernate.SQL - 
    drop table if exists public.saved_jobs cascade
2025-12-21 01:03:24 [restartedMain] DEBUG org.hibernate.SQL - 
    drop table if exists public.skills cascade
2025-12-21 01:03:24 [restartedMain] DEBUG org.hibernate.SQL - 
    drop table if exists public.user_profiles cascade
2025-12-21 01:03:24 [restartedMain] DEBUG org.hibernate.SQL - 
    drop table if exists public.user_skills cascade
2025-12-21 01:03:24 [restartedMain] DEBUG org.hibernate.SQL - 
    drop table if exists public.users cascade
2025-12-21 01:03:24 [restartedMain] DEBUG org.hibernate.SQL - 
    create table public.applications (
        ai_match_score integer,
        expected_salary numeric(15,2),
        is_anonymous boolean,
        is_quick_apply boolean,
        applied_at timestamp(6),
        id bigserial not null,
        job_id bigint not null,
        resume_id bigint,
        updated_at timestamp(6),
        user_id bigint not null,
        viewed_at timestamp(6),
        cover_letter TEXT,
        rejection_reason varchar(255),
        status varchar(255) check (status in ('PENDING','REVIEWING','SHORTLISTED','INTERVIEW','OFFERED','HIRED','REJECTED','WITHDRAWN')),
        ai_analysis jsonb,
        primary key (id),
        unique (job_id, user_id)
    )
2025-12-21 01:03:24 [restartedMain] DEBUG org.hibernate.SQL - 
    create table public.categories (
        is_active boolean,
        job_count integer,
        id bigserial not null,
        parent_id bigint,
        description varchar(255),
        icon varchar(255),
        name varchar(255) not null unique,
        slug varchar(255) not null unique,
        primary key (id)
    )
2025-12-21 01:03:24 [restartedMain] DEBUG org.hibernate.SQL - 
    create table public.companies (
        employee_count integer,
        founded_year integer,
        is_featured boolean,
        rating_avg numeric(3,2),
        review_count integer,
        created_at timestamp(6),
        id bigserial not null,
        owner_id bigint not null,
        updated_at timestamp(6),
        company_size varchar(255) check (company_size in ('STARTUP_1_10','SMALL_11_50','MEDIUM_51_200','LARGE_201_500','ENTERPRISE_501_1000','CORPORATION_1000_PLUS')),
        cover_url varchar(255),
        description TEXT,
        headquarters varchar(255),
        industry varchar(255),
        logo_url varchar(255),
        name varchar(255) not null unique,
        slug varchar(255) not null unique,
        tax_code varchar(255) unique,
        verification_status varchar(255) check (verification_status in ('PENDING','VERIFIED','REJECTED')),
        website varchar(255),
        primary key (id)
    )
2025-12-21 01:03:24 [restartedMain] DEBUG org.hibernate.SQL - 
    create table public.company_images (
        display_order integer,
        company_id bigint not null,
        id bigserial not null,
        caption varchar(255),
        image_url varchar(255) not null,
        primary key (id)
    )
2025-12-21 01:03:24 [restartedMain] DEBUG org.hibernate.SQL - 
    create table public.company_reviews (
        is_current_employee boolean,
        rating integer not null,
        company_id bigint not null,
        created_at timestamp(6),
        id bigserial not null,
        user_id bigint not null,
        cons TEXT,
        job_title varchar(255),
        pros TEXT,
        status varchar(255) check (status in ('PENDING','APPROVED','REJECTED')),
        title varchar(255),
        primary key (id)
    )
2025-12-21 01:03:24 [restartedMain] DEBUG org.hibernate.SQL - 
    create table public.job_benefits (
        id bigserial not null,
        job_id bigint not null,
        benefit_name varchar(255) not null,
        description TEXT,
        icon varchar(255),
        primary key (id)
    )
2025-12-21 01:03:24 [restartedMain] DEBUG org.hibernate.SQL - 
    create table public.job_skills (
        is_required boolean,
        id bigserial not null,
        job_id bigint not null,
        skill_id bigint not null,
        proficiency varchar(255) check (proficiency in ('BEGINNER','INTERMEDIATE','ADVANCED','EXPERT')),
        primary key (id)
    )
2025-12-21 01:03:24 [restartedMain] DEBUG org.hibernate.SQL - 
    create table public.jobs (
        application_count integer,
        deadline date,
        is_featured boolean,
        is_remote boolean,
        is_urgent boolean,
        positions_count integer,
        salary_max numeric(15,2),
        salary_min numeric(15,2),
        salary_negotiable boolean,
        view_count integer,
        category_id bigint,
        company_id bigint not null,
        created_at timestamp(6),
        id bigserial not null,
        posted_by bigint not null,
        updated_at timestamp(6),
        currency varchar(255),
        description TEXT not null,
        description_normalized TEXT,
        experience_level varchar(255) not null check (experience_level in ('ENTRY','JUNIOR','MID','SENIOR','LEAD','MANAGER','DIRECTOR')),
        job_type varchar(255) not null check (job_type in ('FULL_TIME','PART_TIME','CONTRACT','INTERNSHIP','FREELANCE')),
        location varchar(255) not null,
        location_normalized varchar(255),
        remote_type varchar(255) check (remote_type in ('FULL_REMOTE','HYBRID','ONSITE')),
        requirements TEXT,
        responsibilities TEXT,
        slug varchar(255) not null unique,
        status varchar(255) check (status in ('DRAFT','PENDING','APPROVED','REJECTED','ACTIVE','PAUSED','CLOSED','EXPIRED')),
        title varchar(255) not null,
        title_normalized varchar(255),
        video_intro_url varchar(255),
        primary key (id)
    )
2025-12-21 01:03:24 [restartedMain] DEBUG org.hibernate.SQL - 
    create table public.notifications (
        is_read boolean,
        created_at timestamp(6),
        id bigserial not null,
        user_id bigint not null,
        action_url varchar(255),
        content TEXT,
        title varchar(255) not null,
        type varchar(255) not null check (type in ('APPLICATION','MESSAGE','JOB_MATCH','INTERVIEW','STATUS_UPDATE','SYSTEM')),
        metadata jsonb,
        primary key (id)
    )
2025-12-21 01:03:24 [restartedMain] DEBUG org.hibernate.SQL - 
    create table public.resumes (
        is_primary boolean,
        view_count integer,
        created_at timestamp(6),
        id bigserial not null,
        user_id bigint not null,
        file_type varchar(255),
        file_url varchar(255) not null,
        parsed_content TEXT,
        title varchar(255) not null,
        ai_analysis jsonb,
        primary key (id)
    )
2025-12-21 01:03:24 [restartedMain] DEBUG org.hibernate.SQL - 
    create table public.saved_jobs (
        id bigserial not null,
        job_id bigint not null,
        saved_at timestamp(6),
        user_id bigint not null,
        primary key (id),
        unique (user_id, job_id)
    )
2025-12-21 01:03:24 [restartedMain] DEBUG org.hibernate.SQL - 
    create table public.skills (
        candidate_count integer,
        is_trending boolean,
        job_count integer,
        category_id bigint,
        id bigserial not null,
        name varchar(255) not null unique,
        slug varchar(255) not null unique,
        primary key (id)
    )
2025-12-21 01:03:24 [restartedMain] DEBUG org.hibernate.SQL - 
    create table public.user_profiles (
        date_of_birth date,
        expected_salary_max numeric(15,2),
        expected_salary_min numeric(15,2),
        experience_years integer,
        open_to_remote boolean,
        open_to_work boolean,
        id bigserial not null,
        updated_at timestamp(6),
        user_id bigint not null unique,
        address varchar(255),
        avatar_url varchar(255),
        bio TEXT,
        city varchar(255),
        current_position varchar(255),
        full_name varchar(255),
        gender varchar(255) check (gender in ('MALE','FEMALE','OTHER','PREFER_NOT_TO_SAY')),
        github_url varchar(255),
        linkedin_url varchar(255),
        portfolio_url varchar(255),
        primary key (id)
    )
2025-12-21 01:03:24 [restartedMain] DEBUG org.hibernate.SQL - 
    create table public.user_skills (
        is_verified boolean,
        years_experience integer,
        id bigserial not null,
        skill_id bigint not null,
        user_id bigint not null,
        certificate_url varchar(255),
        proficiency varchar(255) check (proficiency in ('BEGINNER','INTERMEDIATE','ADVANCED','EXPERT')),
        primary key (id)
    )
2025-12-21 01:03:24 [restartedMain] DEBUG org.hibernate.SQL - 
    create table public.users (
        email_verified boolean,
        created_at timestamp(6),
        id bigserial not null,
        updated_at timestamp(6),
        email varchar(255) not null unique,
        oauth_id varchar(255),
        oauth_provider varchar(255),
        password_hash varchar(255),
        phone varchar(255) unique,
        role varchar(255) not null check (role in ('CANDIDATE','EMPLOYER','ADMIN')),
        status varchar(255) not null check (status in ('ACTIVE','INACTIVE','BANNED')),
        primary key (id)
    )
2025-12-21 01:03:24 [restartedMain] DEBUG org.hibernate.SQL - 
    alter table if exists public.applications 
       add constraint FK65weib1lru9dkrbto5pv389vi 
       foreign key (job_id) 
       references public.jobs
2025-12-21 01:03:24 [restartedMain] DEBUG org.hibernate.SQL - 
    alter table if exists public.applications 
       add constraint FKbhnfs5wwy14wdm2f1wam8qkhf 
       foreign key (resume_id) 
       references public.resumes
2025-12-21 01:03:24 [restartedMain] DEBUG org.hibernate.SQL - 
    alter table if exists public.applications 
       add constraint FKfsfqljedcla632u568jl5qf3w 
       foreign key (user_id) 
       references public.users
2025-12-21 01:03:24 [restartedMain] DEBUG org.hibernate.SQL - 
    alter table if exists public.categories 
       add constraint FKsaok720gsu4u2wrgbk10b5n8d 
       foreign key (parent_id) 
       references public.categories
2025-12-21 01:03:24 [restartedMain] DEBUG org.hibernate.SQL - 
    alter table if exists public.companies 
       add constraint FKikhsc7na5r394c8jghny8b6t4 
       foreign key (owner_id) 
       references public.users
2025-12-21 01:03:24 [restartedMain] DEBUG org.hibernate.SQL - 
    alter table if exists public.company_images 
       add constraint FK39pfp30xxpbsukcnv39a8wo7p 
       foreign key (company_id) 
       references public.companies
2025-12-21 01:03:24 [restartedMain] DEBUG org.hibernate.SQL - 
    alter table if exists public.company_reviews 
       add constraint FKkpjxpw5kl37cad0twqje6cq63 
       foreign key (company_id) 
       references public.companies
2025-12-21 01:03:24 [restartedMain] DEBUG org.hibernate.SQL - 
    alter table if exists public.company_reviews 
       add constraint FKjlwevafsv6wcpvt0jg5tfs1f0 
       foreign key (user_id) 
       references public.users
2025-12-21 01:03:24 [restartedMain] DEBUG org.hibernate.SQL - 
    alter table if exists public.job_benefits 
       add constraint FKdqntmlq6o4himh9uva0u3fcl9 
       foreign key (job_id) 
       references public.jobs
2025-12-21 01:03:24 [restartedMain] DEBUG org.hibernate.SQL - 
    alter table if exists public.job_skills 
       add constraint FK1gb74tysr9vkypwivvvovxq1f 
       foreign key (job_id) 
       references public.jobs
2025-12-21 01:03:24 [restartedMain] DEBUG org.hibernate.SQL - 
    alter table if exists public.job_skills 
       add constraint FKe10ho7um0atjm67b9dgokmfyx 
       foreign key (skill_id) 
       references public.skills
2025-12-21 01:03:24 [restartedMain] DEBUG org.hibernate.SQL - 
    alter table if exists public.jobs 
       add constraint FKlunrv9ems34544ff26wyfa89v 
       foreign key (category_id) 
       references public.categories
2025-12-21 01:03:24 [restartedMain] DEBUG org.hibernate.SQL - 
    alter table if exists public.jobs 
       add constraint FKrtmqcrktb6s7xq8djbs2a2war 
       foreign key (company_id) 
       references public.companies
2025-12-21 01:03:24 [restartedMain] DEBUG org.hibernate.SQL - 
    alter table if exists public.jobs 
       add constraint FKq4v0nwosiuabukh6vlo7414wd 
       foreign key (posted_by) 
       references public.users
2025-12-21 01:03:24 [restartedMain] DEBUG org.hibernate.SQL - 
    alter table if exists public.notifications 
       add constraint FK9y21adhxn0ayjhfocscqox7bh 
       foreign key (user_id) 
       references public.users
2025-12-21 01:03:24 [restartedMain] DEBUG org.hibernate.SQL - 
    alter table if exists public.resumes 
       add constraint FK340nuaivxiy99hslr3sdydfvv 
       foreign key (user_id) 
       references public.users
2025-12-21 01:03:24 [restartedMain] DEBUG org.hibernate.SQL - 
    alter table if exists public.saved_jobs 
       add constraint FKawvc9t3d3efu6ta6h30tb984t 
       foreign key (job_id) 
       references public.jobs
2025-12-21 01:03:24 [restartedMain] DEBUG org.hibernate.SQL - 
    alter table if exists public.saved_jobs 
       add constraint FK5fc45yi5nwtm3y93nt4fcpln6 
       foreign key (user_id) 
       references public.users
2025-12-21 01:03:24 [restartedMain] DEBUG org.hibernate.SQL - 
    alter table if exists public.skills 
       add constraint FKlyobx4bwdv7k6im48ru4pod1u 
       foreign key (category_id) 
       references public.categories
2025-12-21 01:03:24 [restartedMain] DEBUG org.hibernate.SQL - 
    alter table if exists public.user_profiles 
       add constraint FKjcad5nfve11khsnpwj1mv8frj 
       foreign key (user_id) 
       references public.users
2025-12-21 01:03:24 [restartedMain] DEBUG org.hibernate.SQL - 
    alter table if exists public.user_skills 
       add constraint FKh223y61gwijpgqt6nlsuti07g 
       foreign key (skill_id) 
       references public.skills
2025-12-21 01:03:24 [restartedMain] DEBUG org.hibernate.SQL - 
    alter table if exists public.user_skills 
       add constraint FKro13if9r7fwkr5115715127ai 
       foreign key (user_id) 
       references public.users
2025-12-21 01:03:24 [restartedMain] INFO  o.s.o.j.LocalContainerEntityManagerFactoryBean - Initialized JPA EntityManagerFactory for persistence unit 'default'
2025-12-21 01:03:25 [restartedMain] INFO  o.s.d.j.r.query.QueryEnhancerFactory - Hibernate is in classpath; If applicable, HQL parser will be used.
2025-12-21 01:03:25 [restartedMain] DEBUG c.j.security.JwtAuthenticationFilter - Filter 'jwtAuthenticationFilter' configured for use
2025-12-21 01:03:26 [restartedMain] WARN  o.s.b.w.s.c.AnnotationConfigServletWebServerApplicationContext - Exception encountered during context initialization - cancelling refresh attempt: org.springframework.beans.factory.UnsatisfiedDependencyException: Error creating bean with name 'applicationController' defined in file [C:\Users\admin\OneDrive\Desktop\QuangThang_Workplace\Code\doan1\jobverse-backend\target\classes\com\jobverse\controller\ApplicationController.class]: Unsatisfied dependency expressed through constructor parameter 0: Error creating bean with name 'applicationService' defined in file [C:\Users\admin\OneDrive\Desktop\QuangThang_Workplace\Code\doan1\jobverse-backend\target\classes\com\jobverse\service\ApplicationService.class]: Unsatisfied dependency expressed through constructor parameter 3: Error creating bean with name 'resumeRepository' defined in com.jobverse.repository.ResumeRepository defined in @EnableJpaRepositories declared on JpaRepositoriesRegistrar.EnableJpaRepositoriesConfiguration: Could not create query for public abstract java.util.Optional com.jobverse.repository.ResumeRepository.findByUserIdAndIsDefaultTrue(java.lang.Long); Reason: Failed to create query for method public abstract java.util.Optional com.jobverse.repository.ResumeRepository.findByUserIdAndIsDefaultTrue(java.lang.Long); No property 'isDefault' found for type 'Resume'
2025-12-21 01:03:26 [restartedMain] INFO  o.s.o.j.LocalContainerEntityManagerFactoryBean - Closing JPA EntityManagerFactory for persistence unit 'default'
2025-12-21 01:03:26 [restartedMain] DEBUG org.hibernate.SQL - 
    alter table if exists public.applications 
       drop constraint if exists FK65weib1lru9dkrbto5pv389vi
2025-12-21 01:03:26 [restartedMain] DEBUG org.hibernate.SQL - 
    alter table if exists public.applications 
       drop constraint if exists FKbhnfs5wwy14wdm2f1wam8qkhf
2025-12-21 01:03:26 [restartedMain] DEBUG org.hibernate.SQL - 
    alter table if exists public.applications 
       drop constraint if exists FKfsfqljedcla632u568jl5qf3w
2025-12-21 01:03:26 [restartedMain] DEBUG org.hibernate.SQL - 
    alter table if exists public.categories 
       drop constraint if exists FKsaok720gsu4u2wrgbk10b5n8d
2025-12-21 01:03:26 [restartedMain] DEBUG org.hibernate.SQL - 
    alter table if exists public.companies 
       drop constraint if exists FKikhsc7na5r394c8jghny8b6t4
2025-12-21 01:03:26 [restartedMain] DEBUG org.hibernate.SQL - 
    alter table if exists public.company_images 
       drop constraint if exists FK39pfp30xxpbsukcnv39a8wo7p
2025-12-21 01:03:26 [restartedMain] DEBUG org.hibernate.SQL - 
    alter table if exists public.company_reviews 
       drop constraint if exists FKkpjxpw5kl37cad0twqje6cq63
2025-12-21 01:03:26 [restartedMain] DEBUG org.hibernate.SQL - 
    alter table if exists public.company_reviews 
       drop constraint if exists FKjlwevafsv6wcpvt0jg5tfs1f0
2025-12-21 01:03:26 [restartedMain] DEBUG org.hibernate.SQL - 
    alter table if exists public.job_benefits 
       drop constraint if exists FKdqntmlq6o4himh9uva0u3fcl9
2025-12-21 01:03:26 [restartedMain] DEBUG org.hibernate.SQL - 
    alter table if exists public.job_skills 
       drop constraint if exists FK1gb74tysr9vkypwivvvovxq1f
2025-12-21 01:03:26 [restartedMain] DEBUG org.hibernate.SQL - 
    alter table if exists public.job_skills 
       drop constraint if exists FKe10ho7um0atjm67b9dgokmfyx
2025-12-21 01:03:26 [restartedMain] DEBUG org.hibernate.SQL - 
    alter table if exists public.jobs 
       drop constraint if exists FKlunrv9ems34544ff26wyfa89v
2025-12-21 01:03:26 [restartedMain] DEBUG org.hibernate.SQL - 
    alter table if exists public.jobs 
       drop constraint if exists FKrtmqcrktb6s7xq8djbs2a2war
2025-12-21 01:03:26 [restartedMain] DEBUG org.hibernate.SQL - 
    alter table if exists public.jobs 
       drop constraint if exists FKq4v0nwosiuabukh6vlo7414wd
2025-12-21 01:03:26 [restartedMain] DEBUG org.hibernate.SQL - 
    alter table if exists public.notifications 
       drop constraint if exists FK9y21adhxn0ayjhfocscqox7bh
2025-12-21 01:03:26 [restartedMain] DEBUG org.hibernate.SQL - 
    alter table if exists public.resumes 
       drop constraint if exists FK340nuaivxiy99hslr3sdydfvv
2025-12-21 01:03:26 [restartedMain] DEBUG org.hibernate.SQL - 
    alter table if exists public.saved_jobs 
       drop constraint if exists FKawvc9t3d3efu6ta6h30tb984t
2025-12-21 01:03:26 [restartedMain] DEBUG org.hibernate.SQL - 
    alter table if exists public.saved_jobs 
       drop constraint if exists FK5fc45yi5nwtm3y93nt4fcpln6
2025-12-21 01:03:26 [restartedMain] DEBUG org.hibernate.SQL - 
    alter table if exists public.skills 
       drop constraint if exists FKlyobx4bwdv7k6im48ru4pod1u
2025-12-21 01:03:26 [restartedMain] DEBUG org.hibernate.SQL - 
    alter table if exists public.user_profiles 
       drop constraint if exists FKjcad5nfve11khsnpwj1mv8frj
2025-12-21 01:03:26 [restartedMain] DEBUG org.hibernate.SQL - 
    alter table if exists public.user_skills 
       drop constraint if exists FKh223y61gwijpgqt6nlsuti07g
2025-12-21 01:03:26 [restartedMain] DEBUG org.hibernate.SQL - 
    alter table if exists public.user_skills 
       drop constraint if exists FKro13if9r7fwkr5115715127ai
2025-12-21 01:03:26 [restartedMain] DEBUG org.hibernate.SQL - 
    drop table if exists public.applications cascade
2025-12-21 01:03:26 [restartedMain] DEBUG org.hibernate.SQL - 
    drop table if exists public.categories cascade
2025-12-21 01:03:26 [restartedMain] DEBUG org.hibernate.SQL - 
    drop table if exists public.companies cascade
2025-12-21 01:03:26 [restartedMain] DEBUG org.hibernate.SQL - 
    drop table if exists public.company_images cascade
2025-12-21 01:03:26 [restartedMain] DEBUG org.hibernate.SQL - 
    drop table if exists public.company_reviews cascade
2025-12-21 01:03:26 [restartedMain] DEBUG org.hibernate.SQL - 
    drop table if exists public.job_benefits cascade
2025-12-21 01:03:26 [restartedMain] DEBUG org.hibernate.SQL - 
    drop table if exists public.job_skills cascade
2025-12-21 01:03:26 [restartedMain] DEBUG org.hibernate.SQL - 
    drop table if exists public.jobs cascade
2025-12-21 01:03:26 [restartedMain] DEBUG org.hibernate.SQL - 
    drop table if exists public.notifications cascade
2025-12-21 01:03:26 [restartedMain] DEBUG org.hibernate.SQL - 
    drop table if exists public.resumes cascade
2025-12-21 01:03:26 [restartedMain] DEBUG org.hibernate.SQL - 
    drop table if exists public.saved_jobs cascade
2025-12-21 01:03:26 [restartedMain] DEBUG org.hibernate.SQL - 
    drop table if exists public.skills cascade
2025-12-21 01:03:26 [restartedMain] DEBUG org.hibernate.SQL - 
    drop table if exists public.user_profiles cascade
2025-12-21 01:03:26 [restartedMain] DEBUG org.hibernate.SQL - 
    drop table if exists public.user_skills cascade
2025-12-21 01:03:26 [restartedMain] DEBUG org.hibernate.SQL - 
    drop table if exists public.users cascade
2025-12-21 01:03:26 [restartedMain] WARN  o.s.b.f.s.DisposableBeanAdapter - Invocation of destroy method failed on bean with name 'inMemoryDatabaseShutdownExecutor': org.h2.jdbc.JdbcSQLNonTransientConnectionException: Database is already closed (to disable automatic closing at VM shutdown, add ";DB_CLOSE_ON_EXIT=FALSE" to the db URL) [90121-224]
2025-12-21 01:03:26 [restartedMain] INFO  com.zaxxer.hikari.HikariDataSource - HikariPool-1 - Shutdown initiated...
2025-12-21 01:03:26 [restartedMain] INFO  com.zaxxer.hikari.HikariDataSource - HikariPool-1 - Shutdown completed.
2025-12-21 01:03:26 [restartedMain] INFO  o.a.catalina.core.StandardService - Stopping service [Tomcat]
2025-12-21 01:03:26 [restartedMain] INFO  o.s.b.a.l.ConditionEvaluationReportLogger - 

Error starting ApplicationContext. To display the condition evaluation report re-run your application with 'debug' enabled.
2025-12-21 01:03:26 [restartedMain] ERROR o.s.boot.SpringApplication - Application run failed
org.springframework.beans.factory.UnsatisfiedDependencyException: Error creating bean with name 'applicationController' defined in file [C:\Users\admin\OneDrive\Desktop\QuangThang_Workplace\Code\doan1\jobverse-backend\target\classes\com\jobverse\controller\ApplicationController.class]: Unsatisfied dependency expressed through constructor parameter 0: Error creating bean with name 'applicationService' defined in file [C:\Users\admin\OneDrive\Desktop\QuangThang_Workplace\Code\doan1\jobverse-backend\target\classes\com\jobverse\service\ApplicationService.class]: Unsatisfied dependency expressed through constructor parameter 3: Error creating bean with name 'resumeRepository' defined in com.jobverse.repository.ResumeRepository defined in @EnableJpaRepositories declared on JpaRepositoriesRegistrar.EnableJpaRepositoriesConfiguration: Could not create query for public abstract java.util.Optional com.jobverse.repository.ResumeRepository.findByUserIdAndIsDefaultTrue(java.lang.Long); Reason: Failed to create query for method public abstract java.util.Optional com.jobverse.repository.ResumeRepository.findByUserIdAndIsDefaultTrue(java.lang.Long); No property 'isDefault' found for type 'Resume'
	at org.springframework.beans.factory.support.ConstructorResolver.createArgumentArray(ConstructorResolver.java:802)
	at org.springframework.beans.factory.support.ConstructorResolver.autowireConstructor(ConstructorResolver.java:241)
	at org.springframework.beans.factory.support.AbstractAutowireCapableBeanFactory.autowireConstructor(AbstractAutowireCapableBeanFactory.java:1354)
	at org.springframework.beans.factory.support.AbstractAutowireCapableBeanFactory.createBeanInstance(AbstractAutowireCapableBeanFactory.java:1191)
	at org.springframework.beans.factory.support.AbstractAutowireCapableBeanFactory.doCreateBean(AbstractAutowireCapableBeanFactory.java:561)
	at org.springframework.beans.factory.support.AbstractAutowireCapableBeanFactory.createBean(AbstractAutowireCapableBeanFactory.java:521)
	at org.springframework.beans.factory.support.AbstractBeanFactory.lambda$doGetBean$0(AbstractBeanFactory.java:325)
	at org.springframework.beans.factory.support.DefaultSingletonBeanRegistry.getSingleton(DefaultSingletonBeanRegistry.java:234)
	at org.springframework.beans.factory.support.AbstractBeanFactory.doGetBean(AbstractBeanFactory.java:323)
	at org.springframework.beans.factory.support.AbstractBeanFactory.getBean(AbstractBeanFactory.java:199)
	at org.springframework.beans.factory.support.DefaultListableBeanFactory.preInstantiateSingletons(DefaultListableBeanFactory.java:975)
	at org.springframework.context.support.AbstractApplicationContext.finishBeanFactoryInitialization(AbstractApplicationContext.java:960)
	at org.springframework.context.support.AbstractApplicationContext.refresh(AbstractApplicationContext.java:625)
	at org.springframework.boot.web.servlet.context.ServletWebServerApplicationContext.refresh(ServletWebServerApplicationContext.java:146)
	at org.springframework.boot.SpringApplication.refresh(SpringApplication.java:762)
	at org.springframework.boot.SpringApplication.refreshContext(SpringApplication.java:464)
	at org.springframework.boot.SpringApplication.run(SpringApplication.java:334)
	at org.springframework.boot.SpringApplication.run(SpringApplication.java:1358)
	at org.springframework.boot.SpringApplication.run(SpringApplication.java:1347)
	at com.jobverse.JobverseApplication.main(JobverseApplication.java:18)
	at java.base/jdk.internal.reflect.DirectMethodHandleAccessor.invoke(DirectMethodHandleAccessor.java:103)
	at java.base/java.lang.reflect.Method.invoke(Method.java:580)
	at org.springframework.boot.devtools.restart.RestartLauncher.run(RestartLauncher.java:50)
Caused by: org.springframework.beans.factory.UnsatisfiedDependencyException: Error creating bean with name 'applicationService' defined in file [C:\Users\admin\OneDrive\Desktop\QuangThang_Workplace\Code\doan1\jobverse-backend\target\classes\com\jobverse\service\ApplicationService.class]: Unsatisfied dependency expressed through constructor parameter 3: Error creating bean with name 'resumeRepository' defined in com.jobverse.repository.ResumeRepository defined in @EnableJpaRepositories declared on JpaRepositoriesRegistrar.EnableJpaRepositoriesConfiguration: Could not create query for public abstract java.util.Optional com.jobverse.repository.ResumeRepository.findByUserIdAndIsDefaultTrue(java.lang.Long); Reason: Failed to create query for method public abstract java.util.Optional com.jobverse.repository.ResumeRepository.findByUserIdAndIsDefaultTrue(java.lang.Long); No property 'isDefault' found for type 'Resume'
	at org.springframework.beans.factory.support.ConstructorResolver.createArgumentArray(ConstructorResolver.java:802)
	at org.springframework.beans.factory.support.ConstructorResolver.autowireConstructor(ConstructorResolver.java:241)
	at org.springframework.beans.factory.support.AbstractAutowireCapableBeanFactory.autowireConstructor(AbstractAutowireCapableBeanFactory.java:1354)
	at org.springframework.beans.factory.support.AbstractAutowireCapableBeanFactory.createBeanInstance(AbstractAutowireCapableBeanFactory.java:1191)
	at org.springframework.beans.factory.support.AbstractAutowireCapableBeanFactory.doCreateBean(AbstractAutowireCapableBeanFactory.java:561)
	at org.springframework.beans.factory.support.AbstractAutowireCapableBeanFactory.createBean(AbstractAutowireCapableBeanFactory.java:521)
	at org.springframework.beans.factory.support.AbstractBeanFactory.lambda$doGetBean$0(AbstractBeanFactory.java:325)
	at org.springframework.beans.factory.support.DefaultSingletonBeanRegistry.getSingleton(DefaultSingletonBeanRegistry.java:234)
	at org.springframework.beans.factory.support.AbstractBeanFactory.doGetBean(AbstractBeanFactory.java:323)
	at org.springframework.beans.factory.support.AbstractBeanFactory.getBean(AbstractBeanFactory.java:199)
	at org.springframework.beans.factory.config.DependencyDescriptor.resolveCandidate(DependencyDescriptor.java:254)
	at org.springframework.beans.factory.support.DefaultListableBeanFactory.doResolveDependency(DefaultListableBeanFactory.java:1443)
	at org.springframework.beans.factory.support.DefaultListableBeanFactory.resolveDependency(DefaultListableBeanFactory.java:1353)
	at org.springframework.beans.factory.support.ConstructorResolver.resolveAutowiredArgument(ConstructorResolver.java:911)
	at org.springframework.beans.factory.support.ConstructorResolver.createArgumentArray(ConstructorResolver.java:789)
	... 22 common frames omitted
Caused by: org.springframework.beans.factory.BeanCreationException: Error creating bean with name 'resumeRepository' defined in com.jobverse.repository.ResumeRepository defined in @EnableJpaRepositories declared on JpaRepositoriesRegistrar.EnableJpaRepositoriesConfiguration: Could not create query for public abstract java.util.Optional com.jobverse.repository.ResumeRepository.findByUserIdAndIsDefaultTrue(java.lang.Long); Reason: Failed to create query for method public abstract java.util.Optional com.jobverse.repository.ResumeRepository.findByUserIdAndIsDefaultTrue(java.lang.Long); No property 'isDefault' found for type 'Resume'
	at org.springframework.beans.factory.support.AbstractAutowireCapableBeanFactory.initializeBean(AbstractAutowireCapableBeanFactory.java:1773)
	at org.springframework.beans.factory.support.AbstractAutowireCapableBeanFactory.doCreateBean(AbstractAutowireCapableBeanFactory.java:599)
	at org.springframework.beans.factory.support.AbstractAutowireCapableBeanFactory.createBean(AbstractAutowireCapableBeanFactory.java:521)
	at org.springframework.beans.factory.support.AbstractBeanFactory.lambda$doGetBean$0(AbstractBeanFactory.java:325)
	at org.springframework.beans.factory.support.DefaultSingletonBeanRegistry.getSingleton(DefaultSingletonBeanRegistry.java:234)
	at org.springframework.beans.factory.support.AbstractBeanFactory.doGetBean(AbstractBeanFactory.java:323)
	at org.springframework.beans.factory.support.AbstractBeanFactory.getBean(AbstractBeanFactory.java:199)
	at org.springframework.beans.factory.config.DependencyDescriptor.resolveCandidate(DependencyDescriptor.java:254)
	at org.springframework.beans.factory.support.DefaultListableBeanFactory.doResolveDependency(DefaultListableBeanFactory.java:1443)
	at org.springframework.beans.factory.support.DefaultListableBeanFactory.resolveDependency(DefaultListableBeanFactory.java:1353)
	at org.springframework.beans.factory.support.ConstructorResolver.resolveAutowiredArgument(ConstructorResolver.java:911)
	at org.springframework.beans.factory.support.ConstructorResolver.createArgumentArray(ConstructorResolver.java:789)
	... 36 common frames omitted
Caused by: org.springframework.data.repository.query.QueryCreationException: Could not create query for public abstract java.util.Optional com.jobverse.repository.ResumeRepository.findByUserIdAndIsDefaultTrue(java.lang.Long); Reason: Failed to create query for method public abstract java.util.Optional com.jobverse.repository.ResumeRepository.findByUserIdAndIsDefaultTrue(java.lang.Long); No property 'isDefault' found for type 'Resume'
	at org.springframework.data.repository.query.QueryCreationException.create(QueryCreationException.java:101)
	at org.springframework.data.repository.core.support.QueryExecutorMethodInterceptor.lookupQuery(QueryExecutorMethodInterceptor.java:115)
	at org.springframework.data.repository.core.support.QueryExecutorMethodInterceptor.mapMethodsToQuery(QueryExecutorMethodInterceptor.java:99)
	at org.springframework.data.repository.core.support.QueryExecutorMethodInterceptor.lambda$new$0(QueryExecutorMethodInterceptor.java:88)
	at java.base/java.util.Optional.map(Optional.java:260)
	at org.springframework.data.repository.core.support.QueryExecutorMethodInterceptor.<init>(QueryExecutorMethodInterceptor.java:88)
	at org.springframework.data.repository.core.support.RepositoryFactorySupport.getRepository(RepositoryFactorySupport.java:357)
	at org.springframework.data.repository.core.support.RepositoryFactoryBeanSupport.lambda$afterPropertiesSet$5(RepositoryFactoryBeanSupport.java:279)
	at org.springframework.data.util.Lazy.getNullable(Lazy.java:135)
	at org.springframework.data.util.Lazy.get(Lazy.java:113)
	at org.springframework.data.repository.core.support.RepositoryFactoryBeanSupport.afterPropertiesSet(RepositoryFactoryBeanSupport.java:285)
	at org.springframework.data.jpa.repository.support.JpaRepositoryFactoryBean.afterPropertiesSet(JpaRepositoryFactoryBean.java:132)
	at org.springframework.beans.factory.support.AbstractAutowireCapableBeanFactory.invokeInitMethods(AbstractAutowireCapableBeanFactory.java:1820)
	at org.springframework.beans.factory.support.AbstractAutowireCapableBeanFactory.initializeBean(AbstractAutowireCapableBeanFactory.java:1769)
	... 47 common frames omitted
Caused by: java.lang.IllegalArgumentException: Failed to create query for method public abstract java.util.Optional com.jobverse.repository.ResumeRepository.findByUserIdAndIsDefaultTrue(java.lang.Long); No property 'isDefault' found for type 'Resume'
	at org.springframework.data.jpa.repository.query.PartTreeJpaQuery.<init>(PartTreeJpaQuery.java:107)
	at org.springframework.data.jpa.repository.query.JpaQueryLookupStrategy$CreateQueryLookupStrategy.resolveQuery(JpaQueryLookupStrategy.java:124)
	at org.springframework.data.jpa.repository.query.JpaQueryLookupStrategy$CreateIfNotFoundQueryLookupStrategy.resolveQuery(JpaQueryLookupStrategy.java:258)
	at org.springframework.data.jpa.repository.query.JpaQueryLookupStrategy$AbstractQueryLookupStrategy.resolveQuery(JpaQueryLookupStrategy.java:95)
	at org.springframework.data.repository.core.support.QueryExecutorMethodInterceptor.lookupQuery(QueryExecutorMethodInterceptor.java:111)
	... 59 common frames omitted
Caused by: org.springframework.data.mapping.PropertyReferenceException: No property 'isDefault' found for type 'Resume'
	at org.springframework.data.mapping.PropertyPath.<init>(PropertyPath.java:90)
	at org.springframework.data.mapping.PropertyPath.create(PropertyPath.java:443)
	at org.springframework.data.mapping.PropertyPath.create(PropertyPath.java:419)
	at org.springframework.data.mapping.PropertyPath.lambda$from$0(PropertyPath.java:372)
	at java.base/java.util.concurrent.ConcurrentMap.computeIfAbsent(ConcurrentMap.java:330)
	at org.springframework.data.mapping.PropertyPath.from(PropertyPath.java:354)
	at org.springframework.data.mapping.PropertyPath.from(PropertyPath.java:332)
	at org.springframework.data.repository.query.parser.Part.<init>(Part.java:81)
	at org.springframework.data.repository.query.parser.PartTree$OrPart.lambda$new$0(PartTree.java:259)
	at java.base/java.util.stream.ReferencePipeline$3$1.accept(ReferencePipeline.java:197)
	at java.base/java.util.stream.ReferencePipeline$2$1.accept(ReferencePipeline.java:179)
	at java.base/java.util.Spliterators$ArraySpliterator.forEachRemaining(Spliterators.java:1024)
	at java.base/java.util.stream.AbstractPipeline.copyInto(AbstractPipeline.java:509)
	at java.base/java.util.stream.AbstractPipeline.wrapAndCopyInto(AbstractPipeline.java:499)
	at java.base/java.util.stream.ReduceOps$ReduceOp.evaluateSequential(ReduceOps.java:921)
	at java.base/java.util.stream.AbstractPipeline.evaluate(AbstractPipeline.java:234)
	at java.base/java.util.stream.ReferencePipeline.collect(ReferencePipeline.java:682)
	at org.springframework.data.repository.query.parser.PartTree$OrPart.<init>(PartTree.java:260)
	at org.springframework.data.repository.query.parser.PartTree$Predicate.lambda$new$0(PartTree.java:389)
	at java.base/java.util.stream.ReferencePipeline$3$1.accept(ReferencePipeline.java:197)
	at java.base/java.util.stream.ReferencePipeline$2$1.accept(ReferencePipeline.java:179)
	at java.base/java.util.Spliterators$ArraySpliterator.forEachRemaining(Spliterators.java:1024)
	at java.base/java.util.stream.AbstractPipeline.copyInto(AbstractPipeline.java:509)
	at java.base/java.util.stream.AbstractPipeline.wrapAndCopyInto(AbstractPipeline.java:499)
	at java.base/java.util.stream.ReduceOps$ReduceOp.evaluateSequential(ReduceOps.java:921)
	at java.base/java.util.stream.AbstractPipeline.evaluate(AbstractPipeline.java:234)
	at java.base/java.util.stream.ReferencePipeline.collect(ReferencePipeline.java:682)
	at org.springframework.data.repository.query.parser.PartTree$Predicate.<init>(PartTree.java:390)
	at org.springframework.data.repository.query.parser.PartTree.<init>(PartTree.java:103)
	at org.springframework.data.jpa.repository.query.PartTreeJpaQuery.<init>(PartTreeJpaQuery.java:100)
	... 63 common frames omitted
2025-12-21 01:04:41 [restartedMain] INFO  com.jobverse.JobverseApplication - Starting JobverseApplication using Java 21.0.6 with PID 48872 (C:\Users\admin\OneDrive\Desktop\QuangThang_Workplace\Code\doan1\jobverse-backend\target\classes started by dphaitom in C:\Users\admin\OneDrive\Desktop\QuangThang_Workplace\Code\doan1\jobverse-backend)
2025-12-21 01:04:41 [restartedMain] DEBUG com.jobverse.JobverseApplication - Running with Spring Boot v3.2.1, Spring v6.1.2
2025-12-21 01:04:41 [restartedMain] INFO  com.jobverse.JobverseApplication - The following 1 profile is active: "dev"
2025-12-21 01:04:41 [restartedMain] INFO  o.s.b.d.e.DevToolsPropertyDefaultsPostProcessor - Devtools property defaults active! Set 'spring.devtools.add-properties' to 'false' to disable
2025-12-21 01:04:41 [restartedMain] INFO  o.s.b.d.e.DevToolsPropertyDefaultsPostProcessor - For additional web related logging consider setting the 'logging.level.web' property to 'DEBUG'
2025-12-21 01:04:42 [restartedMain] INFO  o.s.d.r.c.RepositoryConfigurationDelegate - Bootstrapping Spring Data JPA repositories in DEFAULT mode.
2025-12-21 01:04:42 [restartedMain] INFO  o.s.d.r.c.RepositoryConfigurationDelegate - Finished Spring Data repository scanning in 69 ms. Found 11 JPA repository interfaces.
2025-12-21 01:04:43 [restartedMain] INFO  o.s.b.w.e.tomcat.TomcatWebServer - Tomcat initialized with port 8080 (http)
2025-12-21 01:04:43 [restartedMain] INFO  o.a.catalina.core.StandardService - Starting service [Tomcat]
2025-12-21 01:04:43 [restartedMain] INFO  o.a.catalina.core.StandardEngine - Starting Servlet engine: [Apache Tomcat/10.1.17]
2025-12-21 01:04:43 [restartedMain] INFO  o.a.c.c.C.[.[localhost].[/api] - Initializing Spring embedded WebApplicationContext
2025-12-21 01:04:43 [restartedMain] INFO  o.s.b.w.s.c.ServletWebServerApplicationContext - Root WebApplicationContext: initialization completed in 1893 ms
2025-12-21 01:04:43 [restartedMain] INFO  com.zaxxer.hikari.HikariDataSource - HikariPool-1 - Starting...
2025-12-21 01:04:44 [restartedMain] INFO  com.zaxxer.hikari.pool.HikariPool - HikariPool-1 - Added connection conn0: url=jdbc:h2:mem:jobverse user=SA
2025-12-21 01:04:44 [restartedMain] INFO  com.zaxxer.hikari.HikariDataSource - HikariPool-1 - Start completed.
2025-12-21 01:04:44 [restartedMain] INFO  o.s.b.a.h.H2ConsoleAutoConfiguration - H2 console available at '/h2-console'. Database available at 'jdbc:h2:mem:jobverse'
2025-12-21 01:04:44 [restartedMain] INFO  o.h.jpa.internal.util.LogHelper - HHH000204: Processing PersistenceUnitInfo [name: default]
2025-12-21 01:04:44 [restartedMain] INFO  org.hibernate.Version - HHH000412: Hibernate ORM core version 6.4.1.Final
2025-12-21 01:04:44 [restartedMain] INFO  o.h.c.i.RegionFactoryInitiator - HHH000026: Second-level cache disabled
2025-12-21 01:04:44 [restartedMain] INFO  o.s.o.j.p.SpringPersistenceUnitInfo - No LoadTimeWeaver setup: ignoring JPA class transformer
2025-12-21 01:04:44 [restartedMain] WARN  org.hibernate.dialect.Dialect - HHH000511: The 2.2.0 version for [org.hibernate.dialect.PostgreSQLDialect] is no longer supported, hence certain features may not work properly. The minimum supported version is 12.0.0. Check the community dialects project for available legacy versions.
2025-12-21 01:04:44 [restartedMain] WARN  org.hibernate.orm.deprecation - HHH90000025: PostgreSQLDialect does not need to be specified explicitly using 'hibernate.dialect' (remove the property setting and it will be selected by default)
2025-12-21 01:04:45 [restartedMain] INFO  o.h.e.t.j.p.i.JtaPlatformInitiator - HHH000489: No JTA platform available (set 'hibernate.transaction.jta.platform' to enable JTA platform integration)
2025-12-21 01:04:45 [restartedMain] DEBUG org.hibernate.SQL - 
    alter table if exists public.applications 
       drop constraint if exists FK65weib1lru9dkrbto5pv389vi
2025-12-21 01:04:45 [restartedMain] DEBUG org.hibernate.SQL - 
    alter table if exists public.applications 
       drop constraint if exists FKbhnfs5wwy14wdm2f1wam8qkhf
2025-12-21 01:04:45 [restartedMain] DEBUG org.hibernate.SQL - 
    alter table if exists public.applications 
       drop constraint if exists FKfsfqljedcla632u568jl5qf3w
2025-12-21 01:04:45 [restartedMain] DEBUG org.hibernate.SQL - 
    alter table if exists public.categories 
       drop constraint if exists FKsaok720gsu4u2wrgbk10b5n8d
2025-12-21 01:04:45 [restartedMain] DEBUG org.hibernate.SQL - 
    alter table if exists public.companies 
       drop constraint if exists FKikhsc7na5r394c8jghny8b6t4
2025-12-21 01:04:45 [restartedMain] DEBUG org.hibernate.SQL - 
    alter table if exists public.company_images 
       drop constraint if exists FK39pfp30xxpbsukcnv39a8wo7p
2025-12-21 01:04:45 [restartedMain] DEBUG org.hibernate.SQL - 
    alter table if exists public.company_reviews 
       drop constraint if exists FKkpjxpw5kl37cad0twqje6cq63
2025-12-21 01:04:45 [restartedMain] DEBUG org.hibernate.SQL - 
    alter table if exists public.company_reviews 
       drop constraint if exists FKjlwevafsv6wcpvt0jg5tfs1f0
2025-12-21 01:04:45 [restartedMain] DEBUG org.hibernate.SQL - 
    alter table if exists public.job_benefits 
       drop constraint if exists FKdqntmlq6o4himh9uva0u3fcl9
2025-12-21 01:04:45 [restartedMain] DEBUG org.hibernate.SQL - 
    alter table if exists public.job_skills 
       drop constraint if exists FK1gb74tysr9vkypwivvvovxq1f
2025-12-21 01:04:45 [restartedMain] DEBUG org.hibernate.SQL - 
    alter table if exists public.job_skills 
       drop constraint if exists FKe10ho7um0atjm67b9dgokmfyx
2025-12-21 01:04:45 [restartedMain] DEBUG org.hibernate.SQL - 
    alter table if exists public.jobs 
       drop constraint if exists FKlunrv9ems34544ff26wyfa89v
2025-12-21 01:04:45 [restartedMain] DEBUG org.hibernate.SQL - 
    alter table if exists public.jobs 
       drop constraint if exists FKrtmqcrktb6s7xq8djbs2a2war
2025-12-21 01:04:45 [restartedMain] DEBUG org.hibernate.SQL - 
    alter table if exists public.jobs 
       drop constraint if exists FKq4v0nwosiuabukh6vlo7414wd
2025-12-21 01:04:45 [restartedMain] DEBUG org.hibernate.SQL - 
    alter table if exists public.notifications 
       drop constraint if exists FK9y21adhxn0ayjhfocscqox7bh
2025-12-21 01:04:45 [restartedMain] DEBUG org.hibernate.SQL - 
    alter table if exists public.resumes 
       drop constraint if exists FK340nuaivxiy99hslr3sdydfvv
2025-12-21 01:04:45 [restartedMain] DEBUG org.hibernate.SQL - 
    alter table if exists public.saved_jobs 
       drop constraint if exists FKawvc9t3d3efu6ta6h30tb984t
2025-12-21 01:04:45 [restartedMain] DEBUG org.hibernate.SQL - 
    alter table if exists public.saved_jobs 
       drop constraint if exists FK5fc45yi5nwtm3y93nt4fcpln6
2025-12-21 01:04:45 [restartedMain] DEBUG org.hibernate.SQL - 
    alter table if exists public.skills 
       drop constraint if exists FKlyobx4bwdv7k6im48ru4pod1u
2025-12-21 01:04:45 [restartedMain] DEBUG org.hibernate.SQL - 
    alter table if exists public.user_profiles 
       drop constraint if exists FKjcad5nfve11khsnpwj1mv8frj
2025-12-21 01:04:45 [restartedMain] DEBUG org.hibernate.SQL - 
    alter table if exists public.user_skills 
       drop constraint if exists FKh223y61gwijpgqt6nlsuti07g
2025-12-21 01:04:45 [restartedMain] DEBUG org.hibernate.SQL - 
    alter table if exists public.user_skills 
       drop constraint if exists FKro13if9r7fwkr5115715127ai
2025-12-21 01:04:45 [restartedMain] DEBUG org.hibernate.SQL - 
    drop table if exists public.applications cascade
2025-12-21 01:04:45 [restartedMain] DEBUG org.hibernate.SQL - 
    drop table if exists public.categories cascade
2025-12-21 01:04:45 [restartedMain] DEBUG org.hibernate.SQL - 
    drop table if exists public.companies cascade
2025-12-21 01:04:45 [restartedMain] DEBUG org.hibernate.SQL - 
    drop table if exists public.company_images cascade
2025-12-21 01:04:45 [restartedMain] DEBUG org.hibernate.SQL - 
    drop table if exists public.company_reviews cascade
2025-12-21 01:04:45 [restartedMain] DEBUG org.hibernate.SQL - 
    drop table if exists public.job_benefits cascade
2025-12-21 01:04:45 [restartedMain] DEBUG org.hibernate.SQL - 
    drop table if exists public.job_skills cascade
2025-12-21 01:04:45 [restartedMain] DEBUG org.hibernate.SQL - 
    drop table if exists public.jobs cascade
2025-12-21 01:04:45 [restartedMain] DEBUG org.hibernate.SQL - 
    drop table if exists public.notifications cascade
2025-12-21 01:04:45 [restartedMain] DEBUG org.hibernate.SQL - 
    drop table if exists public.resumes cascade
2025-12-21 01:04:45 [restartedMain] DEBUG org.hibernate.SQL - 
    drop table if exists public.saved_jobs cascade
2025-12-21 01:04:45 [restartedMain] DEBUG org.hibernate.SQL - 
    drop table if exists public.skills cascade
2025-12-21 01:04:45 [restartedMain] DEBUG org.hibernate.SQL - 
    drop table if exists public.user_profiles cascade
2025-12-21 01:04:45 [restartedMain] DEBUG org.hibernate.SQL - 
    drop table if exists public.user_skills cascade
2025-12-21 01:04:45 [restartedMain] DEBUG org.hibernate.SQL - 
    drop table if exists public.users cascade
2025-12-21 01:04:45 [restartedMain] DEBUG org.hibernate.SQL - 
    create table public.applications (
        ai_match_score integer,
        expected_salary numeric(15,2),
        is_anonymous boolean,
        is_quick_apply boolean,
        applied_at timestamp(6),
        id bigserial not null,
        job_id bigint not null,
        resume_id bigint,
        updated_at timestamp(6),
        user_id bigint not null,
        viewed_at timestamp(6),
        cover_letter TEXT,
        rejection_reason varchar(255),
        status varchar(255) check (status in ('PENDING','REVIEWING','SHORTLISTED','INTERVIEW','OFFERED','HIRED','REJECTED','WITHDRAWN')),
        ai_analysis jsonb,
        primary key (id),
        unique (job_id, user_id)
    )
2025-12-21 01:04:45 [restartedMain] DEBUG org.hibernate.SQL - 
    create table public.categories (
        is_active boolean,
        job_count integer,
        id bigserial not null,
        parent_id bigint,
        description varchar(255),
        icon varchar(255),
        name varchar(255) not null unique,
        slug varchar(255) not null unique,
        primary key (id)
    )
2025-12-21 01:04:45 [restartedMain] DEBUG org.hibernate.SQL - 
    create table public.companies (
        employee_count integer,
        founded_year integer,
        is_featured boolean,
        rating_avg numeric(3,2),
        review_count integer,
        created_at timestamp(6),
        id bigserial not null,
        owner_id bigint not null,
        updated_at timestamp(6),
        company_size varchar(255) check (company_size in ('STARTUP_1_10','SMALL_11_50','MEDIUM_51_200','LARGE_201_500','ENTERPRISE_501_1000','CORPORATION_1000_PLUS')),
        cover_url varchar(255),
        description TEXT,
        headquarters varchar(255),
        industry varchar(255),
        logo_url varchar(255),
        name varchar(255) not null unique,
        slug varchar(255) not null unique,
        tax_code varchar(255) unique,
        verification_status varchar(255) check (verification_status in ('PENDING','VERIFIED','REJECTED')),
        website varchar(255),
        primary key (id)
    )
2025-12-21 01:04:45 [restartedMain] DEBUG org.hibernate.SQL - 
    create table public.company_images (
        display_order integer,
        company_id bigint not null,
        id bigserial not null,
        caption varchar(255),
        image_url varchar(255) not null,
        primary key (id)
    )
2025-12-21 01:04:45 [restartedMain] DEBUG org.hibernate.SQL - 
    create table public.company_reviews (
        is_current_employee boolean,
        rating integer not null,
        company_id bigint not null,
        created_at timestamp(6),
        id bigserial not null,
        user_id bigint not null,
        cons TEXT,
        job_title varchar(255),
        pros TEXT,
        status varchar(255) check (status in ('PENDING','APPROVED','REJECTED')),
        title varchar(255),
        primary key (id)
    )
2025-12-21 01:04:45 [restartedMain] DEBUG org.hibernate.SQL - 
    create table public.job_benefits (
        id bigserial not null,
        job_id bigint not null,
        benefit_name varchar(255) not null,
        description TEXT,
        icon varchar(255),
        primary key (id)
    )
2025-12-21 01:04:45 [restartedMain] DEBUG org.hibernate.SQL - 
    create table public.job_skills (
        is_required boolean,
        id bigserial not null,
        job_id bigint not null,
        skill_id bigint not null,
        proficiency varchar(255) check (proficiency in ('BEGINNER','INTERMEDIATE','ADVANCED','EXPERT')),
        primary key (id)
    )
2025-12-21 01:04:45 [restartedMain] DEBUG org.hibernate.SQL - 
    create table public.jobs (
        application_count integer,
        deadline date,
        is_featured boolean,
        is_remote boolean,
        is_urgent boolean,
        positions_count integer,
        salary_max numeric(15,2),
        salary_min numeric(15,2),
        salary_negotiable boolean,
        view_count integer,
        category_id bigint,
        company_id bigint not null,
        created_at timestamp(6),
        id bigserial not null,
        posted_by bigint not null,
        updated_at timestamp(6),
        currency varchar(255),
        description TEXT not null,
        description_normalized TEXT,
        experience_level varchar(255) not null check (experience_level in ('ENTRY','JUNIOR','MID','SENIOR','LEAD','MANAGER','DIRECTOR')),
        job_type varchar(255) not null check (job_type in ('FULL_TIME','PART_TIME','CONTRACT','INTERNSHIP','FREELANCE')),
        location varchar(255) not null,
        location_normalized varchar(255),
        remote_type varchar(255) check (remote_type in ('FULL_REMOTE','HYBRID','ONSITE')),
        requirements TEXT,
        responsibilities TEXT,
        slug varchar(255) not null unique,
        status varchar(255) check (status in ('DRAFT','PENDING','APPROVED','REJECTED','ACTIVE','PAUSED','CLOSED','EXPIRED')),
        title varchar(255) not null,
        title_normalized varchar(255),
        video_intro_url varchar(255),
        primary key (id)
    )
2025-12-21 01:04:45 [restartedMain] DEBUG org.hibernate.SQL - 
    create table public.notifications (
        is_read boolean,
        created_at timestamp(6),
        id bigserial not null,
        user_id bigint not null,
        action_url varchar(255),
        content TEXT,
        title varchar(255) not null,
        type varchar(255) not null check (type in ('APPLICATION','MESSAGE','JOB_MATCH','INTERVIEW','STATUS_UPDATE','SYSTEM')),
        metadata jsonb,
        primary key (id)
    )
2025-12-21 01:04:45 [restartedMain] DEBUG org.hibernate.SQL - 
    create table public.resumes (
        is_primary boolean,
        view_count integer,
        created_at timestamp(6),
        id bigserial not null,
        user_id bigint not null,
        file_type varchar(255),
        file_url varchar(255) not null,
        parsed_content TEXT,
        title varchar(255) not null,
        ai_analysis jsonb,
        primary key (id)
    )
2025-12-21 01:04:45 [restartedMain] DEBUG org.hibernate.SQL - 
    create table public.saved_jobs (
        id bigserial not null,
        job_id bigint not null,
        saved_at timestamp(6),
        user_id bigint not null,
        primary key (id),
        unique (user_id, job_id)
    )
2025-12-21 01:04:45 [restartedMain] DEBUG org.hibernate.SQL - 
    create table public.skills (
        candidate_count integer,
        is_trending boolean,
        job_count integer,
        category_id bigint,
        id bigserial not null,
        name varchar(255) not null unique,
        slug varchar(255) not null unique,
        primary key (id)
    )
2025-12-21 01:04:45 [restartedMain] DEBUG org.hibernate.SQL - 
    create table public.user_profiles (
        date_of_birth date,
        expected_salary_max numeric(15,2),
        expected_salary_min numeric(15,2),
        experience_years integer,
        open_to_remote boolean,
        open_to_work boolean,
        id bigserial not null,
        updated_at timestamp(6),
        user_id bigint not null unique,
        address varchar(255),
        avatar_url varchar(255),
        bio TEXT,
        city varchar(255),
        current_position varchar(255),
        full_name varchar(255),
        gender varchar(255) check (gender in ('MALE','FEMALE','OTHER','PREFER_NOT_TO_SAY')),
        github_url varchar(255),
        linkedin_url varchar(255),
        portfolio_url varchar(255),
        primary key (id)
    )
2025-12-21 01:04:45 [restartedMain] DEBUG org.hibernate.SQL - 
    create table public.user_skills (
        is_verified boolean,
        years_experience integer,
        id bigserial not null,
        skill_id bigint not null,
        user_id bigint not null,
        certificate_url varchar(255),
        proficiency varchar(255) check (proficiency in ('BEGINNER','INTERMEDIATE','ADVANCED','EXPERT')),
        primary key (id)
    )
2025-12-21 01:04:45 [restartedMain] DEBUG org.hibernate.SQL - 
    create table public.users (
        email_verified boolean,
        created_at timestamp(6),
        id bigserial not null,
        updated_at timestamp(6),
        email varchar(255) not null unique,
        oauth_id varchar(255),
        oauth_provider varchar(255),
        password_hash varchar(255),
        phone varchar(255) unique,
        role varchar(255) not null check (role in ('CANDIDATE','EMPLOYER','ADMIN')),
        status varchar(255) not null check (status in ('ACTIVE','INACTIVE','BANNED')),
        primary key (id)
    )
2025-12-21 01:04:45 [restartedMain] DEBUG org.hibernate.SQL - 
    alter table if exists public.applications 
       add constraint FK65weib1lru9dkrbto5pv389vi 
       foreign key (job_id) 
       references public.jobs
2025-12-21 01:04:45 [restartedMain] DEBUG org.hibernate.SQL - 
    alter table if exists public.applications 
       add constraint FKbhnfs5wwy14wdm2f1wam8qkhf 
       foreign key (resume_id) 
       references public.resumes
2025-12-21 01:04:45 [restartedMain] DEBUG org.hibernate.SQL - 
    alter table if exists public.applications 
       add constraint FKfsfqljedcla632u568jl5qf3w 
       foreign key (user_id) 
       references public.users
2025-12-21 01:04:45 [restartedMain] DEBUG org.hibernate.SQL - 
    alter table if exists public.categories 
       add constraint FKsaok720gsu4u2wrgbk10b5n8d 
       foreign key (parent_id) 
       references public.categories
2025-12-21 01:04:45 [restartedMain] DEBUG org.hibernate.SQL - 
    alter table if exists public.companies 
       add constraint FKikhsc7na5r394c8jghny8b6t4 
       foreign key (owner_id) 
       references public.users
2025-12-21 01:04:45 [restartedMain] DEBUG org.hibernate.SQL - 
    alter table if exists public.company_images 
       add constraint FK39pfp30xxpbsukcnv39a8wo7p 
       foreign key (company_id) 
       references public.companies
2025-12-21 01:04:45 [restartedMain] DEBUG org.hibernate.SQL - 
    alter table if exists public.company_reviews 
       add constraint FKkpjxpw5kl37cad0twqje6cq63 
       foreign key (company_id) 
       references public.companies
2025-12-21 01:04:45 [restartedMain] DEBUG org.hibernate.SQL - 
    alter table if exists public.company_reviews 
       add constraint FKjlwevafsv6wcpvt0jg5tfs1f0 
       foreign key (user_id) 
       references public.users
2025-12-21 01:04:45 [restartedMain] DEBUG org.hibernate.SQL - 
    alter table if exists public.job_benefits 
       add constraint FKdqntmlq6o4himh9uva0u3fcl9 
       foreign key (job_id) 
       references public.jobs
2025-12-21 01:04:45 [restartedMain] DEBUG org.hibernate.SQL - 
    alter table if exists public.job_skills 
       add constraint FK1gb74tysr9vkypwivvvovxq1f 
       foreign key (job_id) 
       references public.jobs
2025-12-21 01:04:45 [restartedMain] DEBUG org.hibernate.SQL - 
    alter table if exists public.job_skills 
       add constraint FKe10ho7um0atjm67b9dgokmfyx 
       foreign key (skill_id) 
       references public.skills
2025-12-21 01:04:45 [restartedMain] DEBUG org.hibernate.SQL - 
    alter table if exists public.jobs 
       add constraint FKlunrv9ems34544ff26wyfa89v 
       foreign key (category_id) 
       references public.categories
2025-12-21 01:04:45 [restartedMain] DEBUG org.hibernate.SQL - 
    alter table if exists public.jobs 
       add constraint FKrtmqcrktb6s7xq8djbs2a2war 
       foreign key (company_id) 
       references public.companies
2025-12-21 01:04:45 [restartedMain] DEBUG org.hibernate.SQL - 
    alter table if exists public.jobs 
       add constraint FKq4v0nwosiuabukh6vlo7414wd 
       foreign key (posted_by) 
       references public.users
2025-12-21 01:04:45 [restartedMain] DEBUG org.hibernate.SQL - 
    alter table if exists public.notifications 
       add constraint FK9y21adhxn0ayjhfocscqox7bh 
       foreign key (user_id) 
       references public.users
2025-12-21 01:04:45 [restartedMain] DEBUG org.hibernate.SQL - 
    alter table if exists public.resumes 
       add constraint FK340nuaivxiy99hslr3sdydfvv 
       foreign key (user_id) 
       references public.users
2025-12-21 01:04:45 [restartedMain] DEBUG org.hibernate.SQL - 
    alter table if exists public.saved_jobs 
       add constraint FKawvc9t3d3efu6ta6h30tb984t 
       foreign key (job_id) 
       references public.jobs
2025-12-21 01:04:45 [restartedMain] DEBUG org.hibernate.SQL - 
    alter table if exists public.saved_jobs 
       add constraint FK5fc45yi5nwtm3y93nt4fcpln6 
       foreign key (user_id) 
       references public.users
2025-12-21 01:04:45 [restartedMain] DEBUG org.hibernate.SQL - 
    alter table if exists public.skills 
       add constraint FKlyobx4bwdv7k6im48ru4pod1u 
       foreign key (category_id) 
       references public.categories
2025-12-21 01:04:45 [restartedMain] DEBUG org.hibernate.SQL - 
    alter table if exists public.user_profiles 
       add constraint FKjcad5nfve11khsnpwj1mv8frj 
       foreign key (user_id) 
       references public.users
2025-12-21 01:04:45 [restartedMain] DEBUG org.hibernate.SQL - 
    alter table if exists public.user_skills 
       add constraint FKh223y61gwijpgqt6nlsuti07g 
       foreign key (skill_id) 
       references public.skills
2025-12-21 01:04:45 [restartedMain] DEBUG org.hibernate.SQL - 
    alter table if exists public.user_skills 
       add constraint FKro13if9r7fwkr5115715127ai 
       foreign key (user_id) 
       references public.users
2025-12-21 01:04:45 [restartedMain] INFO  o.s.o.j.LocalContainerEntityManagerFactoryBean - Initialized JPA EntityManagerFactory for persistence unit 'default'
2025-12-21 01:04:45 [restartedMain] INFO  o.s.d.j.r.query.QueryEnhancerFactory - Hibernate is in classpath; If applicable, HQL parser will be used.
2025-12-21 01:04:46 [restartedMain] DEBUG c.j.security.JwtAuthenticationFilter - Filter 'jwtAuthenticationFilter' configured for use
2025-12-21 01:04:47 [restartedMain] INFO  o.s.b.a.e.web.EndpointLinksResolver - Exposing 3 endpoint(s) beneath base path '/actuator'
2025-12-21 01:04:47 [restartedMain] INFO  o.s.s.web.DefaultSecurityFilterChain - Will secure any request with [org.springframework.security.web.session.DisableEncodeUrlFilter@2f0c24ee, org.springframework.security.web.context.request.async.WebAsyncManagerIntegrationFilter@5da4fcb, org.springframework.security.web.context.SecurityContextHolderFilter@42df1d7f, org.springframework.security.web.header.HeaderWriterFilter@38f84c7f, org.springframework.web.filter.CorsFilter@5a8ffd3e, org.springframework.security.web.authentication.logout.LogoutFilter@efa8c1e, com.jobverse.security.JwtAuthenticationFilter@118a28c6, org.springframework.security.web.savedrequest.RequestCacheAwareFilter@244f372, org.springframework.security.web.servletapi.SecurityContextHolderAwareRequestFilter@7b85ea82, org.springframework.security.web.authentication.AnonymousAuthenticationFilter@79110067, org.springframework.security.web.session.SessionManagementFilter@7e8a361e, org.springframework.security.web.access.ExceptionTranslationFilter@2a73f7b1, org.springframework.security.web.access.intercept.AuthorizationFilter@3b7af6a3]
2025-12-21 01:04:48 [restartedMain] INFO  o.s.b.d.a.OptionalLiveReloadServer - LiveReload server is running on port 35729
2025-12-21 01:04:48 [restartedMain] INFO  o.s.b.w.e.tomcat.TomcatWebServer - Tomcat started on port 8080 (http) with context path '/api'
2025-12-21 01:04:48 [restartedMain] INFO  o.s.m.s.b.SimpleBrokerMessageHandler - Starting...
2025-12-21 01:04:48 [restartedMain] INFO  o.s.m.s.b.SimpleBrokerMessageHandler - BrokerAvailabilityEvent[available=true, SimpleBrokerMessageHandler [org.springframework.messaging.simp.broker.DefaultSubscriptionRegistry@3ed65290]]
2025-12-21 01:04:48 [restartedMain] INFO  o.s.m.s.b.SimpleBrokerMessageHandler - Started.
2025-12-21 01:04:48 [restartedMain] INFO  com.jobverse.JobverseApplication - Started JobverseApplication in 6.869 seconds (process running for 7.211)
